2022-11-16 22:18:57 [127.0.0.1][-][-][error][Error] Error: Class 'app\controllers\Bawuk' not found in /Users/thrubus/Sites/dev/rest/controllers/TestController.php:29
Stack trace:
#0 [internal function]: app\controllers\TestController->actionError500()
#1 /Users/thrubus/Sites/dev/rest/vendor/yiisoft/yii2/base/InlineAction.php(57): call_user_func_array(Array, Array)
#2 /Users/thrubus/Sites/dev/rest/vendor/yiisoft/yii2/base/Controller.php(178): yii\base\InlineAction->runWithParams(Array)
#3 /Users/thrubus/Sites/dev/rest/vendor/yiisoft/yii2/base/Module.php(552): yii\base\Controller->runAction('error500', Array)
#4 /Users/thrubus/Sites/dev/rest/vendor/yiisoft/yii2/web/Application.php(103): yii\base\Module->runAction('test/error500', Array)
#5 /Users/thrubus/Sites/dev/rest/vendor/yiisoft/yii2/base/Application.php(384): yii\web\Application->handleRequest(Object(yii\web\Request))
#6 /Users/thrubus/Sites/dev/rest/web/index.php(12): yii\base\Application->run()
#7 {main}
2022-11-16 22:18:57 [127.0.0.1][-][-][info][application] $_GET = []

$_POST = []

$_FILES = []

$_COOKIE = []

$_SERVER = [
    'REDIRECT_REDIRECT_HTTPS' => 'on'
    'REDIRECT_REDIRECT_SSL_TLS_SNI' => 'rest.dev.yii2'
    'REDIRECT_REDIRECT_STATUS' => '200'
    'REDIRECT_HTTPS' => 'on'
    'REDIRECT_SSL_TLS_SNI' => 'rest.dev.yii2'
    'REDIRECT_STATUS' => '200'
    'HTTPS' => 'on'
    'SSL_TLS_SNI' => 'rest.dev.yii2'
    'HTTP_HOST' => 'rest.dev.yii2'
    'HTTP_USER_AGENT' => 'Mozilla/5.0 (Macintosh; Intel Mac OS X 10.15; rv:106.0) Gecko/20100101 Firefox/106.0'
    'HTTP_ACCEPT' => 'text/html,application/xhtml+xml,application/xml;q=0.9,image/avif,image/webp,*/*;q=0.8'
    'HTTP_ACCEPT_LANGUAGE' => 'id,en-US;q=0.7,en;q=0.3'
    'HTTP_ACCEPT_ENCODING' => 'gzip, deflate, br'
    'HTTP_CONNECTION' => 'keep-alive'
    'HTTP_UPGRADE_INSECURE_REQUESTS' => '1'
    'HTTP_SEC_FETCH_DEST' => 'document'
    'HTTP_SEC_FETCH_MODE' => 'navigate'
    'HTTP_SEC_FETCH_SITE' => 'none'
    'HTTP_SEC_FETCH_USER' => '?1'
    'PATH' => '/usr/bin:/bin:/usr/sbin:/sbin'
    'SERVER_SIGNATURE' => ''
    'SERVER_SOFTWARE' => 'Apache/2.4.48 (Unix) LibreSSL/2.8.3 PHP/7.3.29-to-be-removed-in-future-macOS mod_perl/2.0.9 Perl/v5.30.2'
    'SERVER_NAME' => 'rest.dev.yii2'
    'SERVER_ADDR' => '127.0.0.1'
    'SERVER_PORT' => '443'
    'REMOTE_ADDR' => '127.0.0.1'
    'DOCUMENT_ROOT' => '/Users/thrubus/Sites/dev/rest'
    'REQUEST_SCHEME' => 'https'
    'CONTEXT_PREFIX' => ''
    'CONTEXT_DOCUMENT_ROOT' => '/Users/thrubus/Sites/dev/rest'
    'SERVER_ADMIN' => 'you@example.com'
    'SCRIPT_FILENAME' => '/Users/thrubus/Sites/dev/rest/web/index.php'
    'REMOTE_PORT' => '58040'
    'REDIRECT_URL' => '/web/test/error500'
    'GATEWAY_INTERFACE' => 'CGI/1.1'
    'SERVER_PROTOCOL' => 'HTTP/1.1'
    'REQUEST_METHOD' => 'GET'
    'QUERY_STRING' => ''
    'REQUEST_URI' => '/test/error500'
    'SCRIPT_NAME' => '/web/index.php'
    'PHP_SELF' => '/web/index.php'
    'REQUEST_TIME_FLOAT' => 1668637137.0835
    'REQUEST_TIME' => 1668637137
]
2022-11-16 22:24:53 [127.0.0.1][-][-][error][Error] Error: Class 'app\controllers\Bawuk' not found in /Users/thrubus/Sites/dev/rest/controllers/TestController.php:29
Stack trace:
#0 [internal function]: app\controllers\TestController->actionError500()
#1 /Users/thrubus/Sites/dev/rest/vendor/yiisoft/yii2/base/InlineAction.php(57): call_user_func_array(Array, Array)
#2 /Users/thrubus/Sites/dev/rest/vendor/yiisoft/yii2/base/Controller.php(178): yii\base\InlineAction->runWithParams(Array)
#3 /Users/thrubus/Sites/dev/rest/vendor/yiisoft/yii2/base/Module.php(552): yii\base\Controller->runAction('error500', Array)
#4 /Users/thrubus/Sites/dev/rest/vendor/yiisoft/yii2/web/Application.php(103): yii\base\Module->runAction('test/error500', Array)
#5 /Users/thrubus/Sites/dev/rest/vendor/yiisoft/yii2/base/Application.php(384): yii\web\Application->handleRequest(Object(yii\web\Request))
#6 /Users/thrubus/Sites/dev/rest/web/index.php(12): yii\base\Application->run()
#7 {main}
2022-11-16 22:24:53 [127.0.0.1][-][-][info][application] $_GET = []

$_POST = []

$_FILES = []

$_COOKIE = []

$_SERVER = [
    'REDIRECT_REDIRECT_HTTPS' => 'on'
    'REDIRECT_REDIRECT_SSL_TLS_SNI' => 'rest.dev.yii2'
    'REDIRECT_REDIRECT_STATUS' => '200'
    'REDIRECT_HTTPS' => 'on'
    'REDIRECT_SSL_TLS_SNI' => 'rest.dev.yii2'
    'REDIRECT_STATUS' => '200'
    'HTTPS' => 'on'
    'SSL_TLS_SNI' => 'rest.dev.yii2'
    'HTTP_USER_AGENT' => 'vscode-restclient'
    'CONTENT_TYPE' => 'application/json'
    'HTTP_ACCEPT_ENCODING' => 'gzip, deflate'
    'HTTP_HOST' => 'rest.dev.yii2'
    'HTTP_CONNECTION' => 'close'
    'CONTENT_LENGTH' => '0'
    'PATH' => '/usr/bin:/bin:/usr/sbin:/sbin'
    'SERVER_SIGNATURE' => ''
    'SERVER_SOFTWARE' => 'Apache/2.4.48 (Unix) LibreSSL/2.8.3 PHP/7.3.29-to-be-removed-in-future-macOS mod_perl/2.0.9 Perl/v5.30.2'
    'SERVER_NAME' => 'rest.dev.yii2'
    'SERVER_ADDR' => '127.0.0.1'
    'SERVER_PORT' => '443'
    'REMOTE_ADDR' => '127.0.0.1'
    'DOCUMENT_ROOT' => '/Users/thrubus/Sites/dev/rest'
    'REQUEST_SCHEME' => 'https'
    'CONTEXT_PREFIX' => ''
    'CONTEXT_DOCUMENT_ROOT' => '/Users/thrubus/Sites/dev/rest'
    'SERVER_ADMIN' => 'you@example.com'
    'SCRIPT_FILENAME' => '/Users/thrubus/Sites/dev/rest/web/index.php'
    'REMOTE_PORT' => '58080'
    'REDIRECT_URL' => '/web/test/error500'
    'GATEWAY_INTERFACE' => 'CGI/1.1'
    'SERVER_PROTOCOL' => 'HTTP/1.1'
    'REQUEST_METHOD' => 'POST'
    'QUERY_STRING' => ''
    'REQUEST_URI' => '/test/error500'
    'SCRIPT_NAME' => '/web/index.php'
    'PHP_SELF' => '/web/index.php'
    'REQUEST_TIME_FLOAT' => 1668637493.8743
    'REQUEST_TIME' => 1668637493
]
2022-11-16 22:37:26 [127.0.0.1][-][-][error][Error] Error: Class 'app\controllers\Bawuk' not found in /Users/thrubus/Sites/dev/rest/controllers/TestController.php:29
Stack trace:
#0 [internal function]: app\controllers\TestController->actionError500()
#1 /Users/thrubus/Sites/dev/rest/vendor/yiisoft/yii2/base/InlineAction.php(57): call_user_func_array(Array, Array)
#2 /Users/thrubus/Sites/dev/rest/vendor/yiisoft/yii2/base/Controller.php(178): yii\base\InlineAction->runWithParams(Array)
#3 /Users/thrubus/Sites/dev/rest/vendor/yiisoft/yii2/base/Module.php(552): yii\base\Controller->runAction('error500', Array)
#4 /Users/thrubus/Sites/dev/rest/vendor/yiisoft/yii2/web/Application.php(103): yii\base\Module->runAction('test/error500', Array)
#5 /Users/thrubus/Sites/dev/rest/vendor/yiisoft/yii2/base/Application.php(384): yii\web\Application->handleRequest(Object(yii\web\Request))
#6 /Users/thrubus/Sites/dev/rest/web/index.php(12): yii\base\Application->run()
#7 {main}
2022-11-16 22:37:26 [127.0.0.1][-][-][info][application] $_GET = []

$_POST = []

$_FILES = []

$_COOKIE = []

$_SERVER = [
    'REDIRECT_REDIRECT_HTTPS' => 'on'
    'REDIRECT_REDIRECT_SSL_TLS_SNI' => 'rest.dev.yii2'
    'REDIRECT_REDIRECT_STATUS' => '200'
    'REDIRECT_HTTPS' => 'on'
    'REDIRECT_SSL_TLS_SNI' => 'rest.dev.yii2'
    'REDIRECT_STATUS' => '200'
    'HTTPS' => 'on'
    'SSL_TLS_SNI' => 'rest.dev.yii2'
    'HTTP_HOST' => 'rest.dev.yii2'
    'HTTP_USER_AGENT' => 'Mozilla/5.0 (Macintosh; Intel Mac OS X 10.15; rv:106.0) Gecko/20100101 Firefox/106.0'
    'HTTP_ACCEPT' => 'text/html,application/xhtml+xml,application/xml;q=0.9,image/avif,image/webp,*/*;q=0.8'
    'HTTP_ACCEPT_LANGUAGE' => 'id,en-US;q=0.7,en;q=0.3'
    'HTTP_ACCEPT_ENCODING' => 'gzip, deflate, br'
    'HTTP_CONNECTION' => 'keep-alive'
    'HTTP_UPGRADE_INSECURE_REQUESTS' => '1'
    'HTTP_SEC_FETCH_DEST' => 'document'
    'HTTP_SEC_FETCH_MODE' => 'navigate'
    'HTTP_SEC_FETCH_SITE' => 'none'
    'HTTP_SEC_FETCH_USER' => '?1'
    'PATH' => '/usr/bin:/bin:/usr/sbin:/sbin'
    'SERVER_SIGNATURE' => ''
    'SERVER_SOFTWARE' => 'Apache/2.4.48 (Unix) LibreSSL/2.8.3 PHP/7.3.29-to-be-removed-in-future-macOS mod_perl/2.0.9 Perl/v5.30.2'
    'SERVER_NAME' => 'rest.dev.yii2'
    'SERVER_ADDR' => '127.0.0.1'
    'SERVER_PORT' => '443'
    'REMOTE_ADDR' => '127.0.0.1'
    'DOCUMENT_ROOT' => '/Users/thrubus/Sites/dev/rest'
    'REQUEST_SCHEME' => 'https'
    'CONTEXT_PREFIX' => ''
    'CONTEXT_DOCUMENT_ROOT' => '/Users/thrubus/Sites/dev/rest'
    'SERVER_ADMIN' => 'you@example.com'
    'SCRIPT_FILENAME' => '/Users/thrubus/Sites/dev/rest/web/index.php'
    'REMOTE_PORT' => '58386'
    'REDIRECT_URL' => '/web/test/error500'
    'GATEWAY_INTERFACE' => 'CGI/1.1'
    'SERVER_PROTOCOL' => 'HTTP/1.1'
    'REQUEST_METHOD' => 'GET'
    'QUERY_STRING' => ''
    'REQUEST_URI' => '/test/error500'
    'SCRIPT_NAME' => '/web/index.php'
    'PHP_SELF' => '/web/index.php'
    'REQUEST_TIME_FLOAT' => 1668638246.1196
    'REQUEST_TIME' => 1668638246
]
2022-11-16 22:38:02 [127.0.0.1][-][-][error][Error] Error: Class 'app\controllers\Bawuk' not found in /Users/thrubus/Sites/dev/rest/controllers/TestController.php:29
Stack trace:
#0 [internal function]: app\controllers\TestController->actionError500()
#1 /Users/thrubus/Sites/dev/rest/vendor/yiisoft/yii2/base/InlineAction.php(57): call_user_func_array(Array, Array)
#2 /Users/thrubus/Sites/dev/rest/vendor/yiisoft/yii2/base/Controller.php(178): yii\base\InlineAction->runWithParams(Array)
#3 /Users/thrubus/Sites/dev/rest/vendor/yiisoft/yii2/base/Module.php(552): yii\base\Controller->runAction('error500', Array)
#4 /Users/thrubus/Sites/dev/rest/vendor/yiisoft/yii2/web/Application.php(103): yii\base\Module->runAction('test/error500', Array)
#5 /Users/thrubus/Sites/dev/rest/vendor/yiisoft/yii2/base/Application.php(384): yii\web\Application->handleRequest(Object(yii\web\Request))
#6 /Users/thrubus/Sites/dev/rest/web/index.php(12): yii\base\Application->run()
#7 {main}
2022-11-16 22:38:02 [127.0.0.1][-][-][info][application] $_GET = []

$_POST = []

$_FILES = []

$_COOKIE = []

$_SERVER = [
    'REDIRECT_REDIRECT_HTTPS' => 'on'
    'REDIRECT_REDIRECT_SSL_TLS_SNI' => 'rest.dev.yii2'
    'REDIRECT_REDIRECT_STATUS' => '200'
    'REDIRECT_HTTPS' => 'on'
    'REDIRECT_SSL_TLS_SNI' => 'rest.dev.yii2'
    'REDIRECT_STATUS' => '200'
    'HTTPS' => 'on'
    'SSL_TLS_SNI' => 'rest.dev.yii2'
    'HTTP_HOST' => 'rest.dev.yii2'
    'HTTP_USER_AGENT' => 'Mozilla/5.0 (Macintosh; Intel Mac OS X 10.15; rv:106.0) Gecko/20100101 Firefox/106.0'
    'HTTP_ACCEPT' => 'text/html,application/xhtml+xml,application/xml;q=0.9,image/avif,image/webp,*/*;q=0.8'
    'HTTP_ACCEPT_LANGUAGE' => 'id,en-US;q=0.7,en;q=0.3'
    'HTTP_ACCEPT_ENCODING' => 'gzip, deflate, br'
    'HTTP_CONNECTION' => 'keep-alive'
    'HTTP_UPGRADE_INSECURE_REQUESTS' => '1'
    'HTTP_SEC_FETCH_DEST' => 'document'
    'HTTP_SEC_FETCH_MODE' => 'navigate'
    'HTTP_SEC_FETCH_SITE' => 'none'
    'HTTP_SEC_FETCH_USER' => '?1'
    'PATH' => '/usr/bin:/bin:/usr/sbin:/sbin'
    'SERVER_SIGNATURE' => ''
    'SERVER_SOFTWARE' => 'Apache/2.4.48 (Unix) LibreSSL/2.8.3 PHP/7.3.29-to-be-removed-in-future-macOS mod_perl/2.0.9 Perl/v5.30.2'
    'SERVER_NAME' => 'rest.dev.yii2'
    'SERVER_ADDR' => '127.0.0.1'
    'SERVER_PORT' => '443'
    'REMOTE_ADDR' => '127.0.0.1'
    'DOCUMENT_ROOT' => '/Users/thrubus/Sites/dev/rest'
    'REQUEST_SCHEME' => 'https'
    'CONTEXT_PREFIX' => ''
    'CONTEXT_DOCUMENT_ROOT' => '/Users/thrubus/Sites/dev/rest'
    'SERVER_ADMIN' => 'you@example.com'
    'SCRIPT_FILENAME' => '/Users/thrubus/Sites/dev/rest/web/index.php'
    'REMOTE_PORT' => '58392'
    'REDIRECT_URL' => '/web/test/error500'
    'GATEWAY_INTERFACE' => 'CGI/1.1'
    'SERVER_PROTOCOL' => 'HTTP/1.1'
    'REQUEST_METHOD' => 'GET'
    'QUERY_STRING' => ''
    'REQUEST_URI' => '/test/error500'
    'SCRIPT_NAME' => '/web/index.php'
    'PHP_SELF' => '/web/index.php'
    'REQUEST_TIME_FLOAT' => 1668638282.411
    'REQUEST_TIME' => 1668638282
]
2022-11-16 22:38:43 [127.0.0.1][-][-][error][Error] Error: Class 'app\controllers\Bawuk' not found in /Users/thrubus/Sites/dev/rest/controllers/TestController.php:29
Stack trace:
#0 [internal function]: app\controllers\TestController->actionError500()
#1 /Users/thrubus/Sites/dev/rest/vendor/yiisoft/yii2/base/InlineAction.php(57): call_user_func_array(Array, Array)
#2 /Users/thrubus/Sites/dev/rest/vendor/yiisoft/yii2/base/Controller.php(178): yii\base\InlineAction->runWithParams(Array)
#3 /Users/thrubus/Sites/dev/rest/vendor/yiisoft/yii2/base/Module.php(552): yii\base\Controller->runAction('error500', Array)
#4 /Users/thrubus/Sites/dev/rest/vendor/yiisoft/yii2/web/Application.php(103): yii\base\Module->runAction('test/error500', Array)
#5 /Users/thrubus/Sites/dev/rest/vendor/yiisoft/yii2/base/Application.php(384): yii\web\Application->handleRequest(Object(yii\web\Request))
#6 /Users/thrubus/Sites/dev/rest/web/index.php(12): yii\base\Application->run()
#7 {main}
2022-11-16 22:38:43 [127.0.0.1][-][-][info][application] $_GET = []

$_POST = []

$_FILES = []

$_COOKIE = []

$_SERVER = [
    'REDIRECT_REDIRECT_HTTPS' => 'on'
    'REDIRECT_REDIRECT_SSL_TLS_SNI' => 'rest.dev.yii2'
    'REDIRECT_REDIRECT_STATUS' => '200'
    'REDIRECT_HTTPS' => 'on'
    'REDIRECT_SSL_TLS_SNI' => 'rest.dev.yii2'
    'REDIRECT_STATUS' => '200'
    'HTTPS' => 'on'
    'SSL_TLS_SNI' => 'rest.dev.yii2'
    'HTTP_HOST' => 'rest.dev.yii2'
    'HTTP_USER_AGENT' => 'Mozilla/5.0 (Macintosh; Intel Mac OS X 10.15; rv:106.0) Gecko/20100101 Firefox/106.0'
    'HTTP_ACCEPT' => 'text/html,application/xhtml+xml,application/xml;q=0.9,image/avif,image/webp,*/*;q=0.8'
    'HTTP_ACCEPT_LANGUAGE' => 'id,en-US;q=0.7,en;q=0.3'
    'HTTP_ACCEPT_ENCODING' => 'gzip, deflate, br'
    'HTTP_CONNECTION' => 'keep-alive'
    'HTTP_UPGRADE_INSECURE_REQUESTS' => '1'
    'HTTP_SEC_FETCH_DEST' => 'document'
    'HTTP_SEC_FETCH_MODE' => 'navigate'
    'HTTP_SEC_FETCH_SITE' => 'none'
    'HTTP_SEC_FETCH_USER' => '?1'
    'PATH' => '/usr/bin:/bin:/usr/sbin:/sbin'
    'SERVER_SIGNATURE' => ''
    'SERVER_SOFTWARE' => 'Apache/2.4.48 (Unix) LibreSSL/2.8.3 PHP/7.3.29-to-be-removed-in-future-macOS mod_perl/2.0.9 Perl/v5.30.2'
    'SERVER_NAME' => 'rest.dev.yii2'
    'SERVER_ADDR' => '127.0.0.1'
    'SERVER_PORT' => '443'
    'REMOTE_ADDR' => '127.0.0.1'
    'DOCUMENT_ROOT' => '/Users/thrubus/Sites/dev/rest'
    'REQUEST_SCHEME' => 'https'
    'CONTEXT_PREFIX' => ''
    'CONTEXT_DOCUMENT_ROOT' => '/Users/thrubus/Sites/dev/rest'
    'SERVER_ADMIN' => 'you@example.com'
    'SCRIPT_FILENAME' => '/Users/thrubus/Sites/dev/rest/web/index.php'
    'REMOTE_PORT' => '58404'
    'REDIRECT_URL' => '/web/test/error500'
    'GATEWAY_INTERFACE' => 'CGI/1.1'
    'SERVER_PROTOCOL' => 'HTTP/1.1'
    'REQUEST_METHOD' => 'GET'
    'QUERY_STRING' => ''
    'REQUEST_URI' => '/test/error500'
    'SCRIPT_NAME' => '/web/index.php'
    'PHP_SELF' => '/web/index.php'
    'REQUEST_TIME_FLOAT' => 1668638323.7655
    'REQUEST_TIME' => 1668638323
]
2022-11-16 22:39:00 [127.0.0.1][-][-][error][Error] Error: Class 'app\controllers\Bawuk' not found in /Users/thrubus/Sites/dev/rest/controllers/TestController.php:29
Stack trace:
#0 [internal function]: app\controllers\TestController->actionError500()
#1 /Users/thrubus/Sites/dev/rest/vendor/yiisoft/yii2/base/InlineAction.php(57): call_user_func_array(Array, Array)
#2 /Users/thrubus/Sites/dev/rest/vendor/yiisoft/yii2/base/Controller.php(178): yii\base\InlineAction->runWithParams(Array)
#3 /Users/thrubus/Sites/dev/rest/vendor/yiisoft/yii2/base/Module.php(552): yii\base\Controller->runAction('error500', Array)
#4 /Users/thrubus/Sites/dev/rest/vendor/yiisoft/yii2/web/Application.php(103): yii\base\Module->runAction('test/error500', Array)
#5 /Users/thrubus/Sites/dev/rest/vendor/yiisoft/yii2/base/Application.php(384): yii\web\Application->handleRequest(Object(yii\web\Request))
#6 /Users/thrubus/Sites/dev/rest/web/index.php(12): yii\base\Application->run()
#7 {main}
2022-11-16 22:39:00 [127.0.0.1][-][-][info][application] $_GET = []

$_POST = []

$_FILES = []

$_COOKIE = []

$_SERVER = [
    'REDIRECT_REDIRECT_HTTPS' => 'on'
    'REDIRECT_REDIRECT_SSL_TLS_SNI' => 'rest.dev.yii2'
    'REDIRECT_REDIRECT_STATUS' => '200'
    'REDIRECT_HTTPS' => 'on'
    'REDIRECT_SSL_TLS_SNI' => 'rest.dev.yii2'
    'REDIRECT_STATUS' => '200'
    'HTTPS' => 'on'
    'SSL_TLS_SNI' => 'rest.dev.yii2'
    'HTTP_HOST' => 'rest.dev.yii2'
    'HTTP_USER_AGENT' => 'Mozilla/5.0 (Macintosh; Intel Mac OS X 10.15; rv:106.0) Gecko/20100101 Firefox/106.0'
    'HTTP_ACCEPT' => 'text/html,application/xhtml+xml,application/xml;q=0.9,image/avif,image/webp,*/*;q=0.8'
    'HTTP_ACCEPT_LANGUAGE' => 'id,en-US;q=0.7,en;q=0.3'
    'HTTP_ACCEPT_ENCODING' => 'gzip, deflate, br'
    'HTTP_CONNECTION' => 'keep-alive'
    'HTTP_UPGRADE_INSECURE_REQUESTS' => '1'
    'HTTP_SEC_FETCH_DEST' => 'document'
    'HTTP_SEC_FETCH_MODE' => 'navigate'
    'HTTP_SEC_FETCH_SITE' => 'none'
    'HTTP_SEC_FETCH_USER' => '?1'
    'PATH' => '/usr/bin:/bin:/usr/sbin:/sbin'
    'SERVER_SIGNATURE' => ''
    'SERVER_SOFTWARE' => 'Apache/2.4.48 (Unix) LibreSSL/2.8.3 PHP/7.3.29-to-be-removed-in-future-macOS mod_perl/2.0.9 Perl/v5.30.2'
    'SERVER_NAME' => 'rest.dev.yii2'
    'SERVER_ADDR' => '127.0.0.1'
    'SERVER_PORT' => '443'
    'REMOTE_ADDR' => '127.0.0.1'
    'DOCUMENT_ROOT' => '/Users/thrubus/Sites/dev/rest'
    'REQUEST_SCHEME' => 'https'
    'CONTEXT_PREFIX' => ''
    'CONTEXT_DOCUMENT_ROOT' => '/Users/thrubus/Sites/dev/rest'
    'SERVER_ADMIN' => 'you@example.com'
    'SCRIPT_FILENAME' => '/Users/thrubus/Sites/dev/rest/web/index.php'
    'REMOTE_PORT' => '58407'
    'REDIRECT_URL' => '/web/test/error500'
    'GATEWAY_INTERFACE' => 'CGI/1.1'
    'SERVER_PROTOCOL' => 'HTTP/1.1'
    'REQUEST_METHOD' => 'GET'
    'QUERY_STRING' => ''
    'REQUEST_URI' => '/test/error500'
    'SCRIPT_NAME' => '/web/index.php'
    'PHP_SELF' => '/web/index.php'
    'REQUEST_TIME_FLOAT' => 1668638340.7578
    'REQUEST_TIME' => 1668638340
]
2022-11-16 22:45:00 [127.0.0.1][-][-][error][Error] Error: Class 'app\controllers\Bawuk' not found in /Users/thrubus/Sites/dev/rest/controllers/TestController.php:29
Stack trace:
#0 [internal function]: app\controllers\TestController->actionError500()
#1 /Users/thrubus/Sites/dev/rest/vendor/yiisoft/yii2/base/InlineAction.php(57): call_user_func_array(Array, Array)
#2 /Users/thrubus/Sites/dev/rest/vendor/yiisoft/yii2/base/Controller.php(178): yii\base\InlineAction->runWithParams(Array)
#3 /Users/thrubus/Sites/dev/rest/vendor/yiisoft/yii2/base/Module.php(552): yii\base\Controller->runAction('error500', Array)
#4 /Users/thrubus/Sites/dev/rest/vendor/yiisoft/yii2/web/Application.php(103): yii\base\Module->runAction('test/error500', Array)
#5 /Users/thrubus/Sites/dev/rest/vendor/yiisoft/yii2/base/Application.php(384): yii\web\Application->handleRequest(Object(yii\web\Request))
#6 /Users/thrubus/Sites/dev/rest/web/index.php(12): yii\base\Application->run()
#7 {main}
2022-11-16 22:45:00 [127.0.0.1][-][-][info][application] $_GET = []

$_POST = []

$_FILES = []

$_COOKIE = []

$_SERVER = [
    'REDIRECT_REDIRECT_HTTPS' => 'on'
    'REDIRECT_REDIRECT_SSL_TLS_SNI' => 'rest.dev.yii2'
    'REDIRECT_REDIRECT_STATUS' => '200'
    'REDIRECT_HTTPS' => 'on'
    'REDIRECT_SSL_TLS_SNI' => 'rest.dev.yii2'
    'REDIRECT_STATUS' => '200'
    'HTTPS' => 'on'
    'SSL_TLS_SNI' => 'rest.dev.yii2'
    'HTTP_HOST' => 'rest.dev.yii2'
    'HTTP_USER_AGENT' => 'Mozilla/5.0 (Macintosh; Intel Mac OS X 10.15; rv:106.0) Gecko/20100101 Firefox/106.0'
    'HTTP_ACCEPT' => 'text/html,application/xhtml+xml,application/xml;q=0.9,image/avif,image/webp,*/*;q=0.8'
    'HTTP_ACCEPT_LANGUAGE' => 'id,en-US;q=0.7,en;q=0.3'
    'HTTP_ACCEPT_ENCODING' => 'gzip, deflate, br'
    'HTTP_CONNECTION' => 'keep-alive'
    'HTTP_UPGRADE_INSECURE_REQUESTS' => '1'
    'HTTP_SEC_FETCH_DEST' => 'document'
    'HTTP_SEC_FETCH_MODE' => 'navigate'
    'HTTP_SEC_FETCH_SITE' => 'none'
    'HTTP_SEC_FETCH_USER' => '?1'
    'PATH' => '/usr/bin:/bin:/usr/sbin:/sbin'
    'SERVER_SIGNATURE' => ''
    'SERVER_SOFTWARE' => 'Apache/2.4.48 (Unix) LibreSSL/2.8.3 PHP/7.3.29-to-be-removed-in-future-macOS mod_perl/2.0.9 Perl/v5.30.2'
    'SERVER_NAME' => 'rest.dev.yii2'
    'SERVER_ADDR' => '127.0.0.1'
    'SERVER_PORT' => '443'
    'REMOTE_ADDR' => '127.0.0.1'
    'DOCUMENT_ROOT' => '/Users/thrubus/Sites/dev/rest'
    'REQUEST_SCHEME' => 'https'
    'CONTEXT_PREFIX' => ''
    'CONTEXT_DOCUMENT_ROOT' => '/Users/thrubus/Sites/dev/rest'
    'SERVER_ADMIN' => 'you@example.com'
    'SCRIPT_FILENAME' => '/Users/thrubus/Sites/dev/rest/web/index.php'
    'REMOTE_PORT' => '58450'
    'REDIRECT_URL' => '/web/test/error500'
    'GATEWAY_INTERFACE' => 'CGI/1.1'
    'SERVER_PROTOCOL' => 'HTTP/1.1'
    'REQUEST_METHOD' => 'GET'
    'QUERY_STRING' => ''
    'REQUEST_URI' => '/test/error500'
    'SCRIPT_NAME' => '/web/index.php'
    'PHP_SELF' => '/web/index.php'
    'REQUEST_TIME_FLOAT' => 1668638700.7819
    'REQUEST_TIME' => 1668638700
]
2022-11-16 22:47:56 [127.0.0.1][-][-][error][Error] Error: Class 'app\controllers\Bawuk' not found in /Users/thrubus/Sites/dev/rest/controllers/TestController.php:29
Stack trace:
#0 [internal function]: app\controllers\TestController->actionError500()
#1 /Users/thrubus/Sites/dev/rest/vendor/yiisoft/yii2/base/InlineAction.php(57): call_user_func_array(Array, Array)
#2 /Users/thrubus/Sites/dev/rest/vendor/yiisoft/yii2/base/Controller.php(178): yii\base\InlineAction->runWithParams(Array)
#3 /Users/thrubus/Sites/dev/rest/vendor/yiisoft/yii2/base/Module.php(552): yii\base\Controller->runAction('error500', Array)
#4 /Users/thrubus/Sites/dev/rest/vendor/yiisoft/yii2/web/Application.php(103): yii\base\Module->runAction('test/error500', Array)
#5 /Users/thrubus/Sites/dev/rest/vendor/yiisoft/yii2/base/Application.php(384): yii\web\Application->handleRequest(Object(yii\web\Request))
#6 /Users/thrubus/Sites/dev/rest/web/index.php(12): yii\base\Application->run()
#7 {main}
2022-11-16 22:47:56 [127.0.0.1][-][-][info][application] $_GET = []

$_POST = []

$_FILES = []

$_COOKIE = []

$_SERVER = [
    'REDIRECT_REDIRECT_HTTPS' => 'on'
    'REDIRECT_REDIRECT_SSL_TLS_SNI' => 'rest.dev.yii2'
    'REDIRECT_REDIRECT_STATUS' => '200'
    'REDIRECT_HTTPS' => 'on'
    'REDIRECT_SSL_TLS_SNI' => 'rest.dev.yii2'
    'REDIRECT_STATUS' => '200'
    'HTTPS' => 'on'
    'SSL_TLS_SNI' => 'rest.dev.yii2'
    'HTTP_HOST' => 'rest.dev.yii2'
    'HTTP_USER_AGENT' => 'Mozilla/5.0 (Macintosh; Intel Mac OS X 10.15; rv:106.0) Gecko/20100101 Firefox/106.0'
    'HTTP_ACCEPT' => 'text/html,application/xhtml+xml,application/xml;q=0.9,image/avif,image/webp,*/*;q=0.8'
    'HTTP_ACCEPT_LANGUAGE' => 'id,en-US;q=0.7,en;q=0.3'
    'HTTP_ACCEPT_ENCODING' => 'gzip, deflate, br'
    'HTTP_CONNECTION' => 'keep-alive'
    'HTTP_UPGRADE_INSECURE_REQUESTS' => '1'
    'HTTP_SEC_FETCH_DEST' => 'document'
    'HTTP_SEC_FETCH_MODE' => 'navigate'
    'HTTP_SEC_FETCH_SITE' => 'none'
    'HTTP_SEC_FETCH_USER' => '?1'
    'PATH' => '/usr/bin:/bin:/usr/sbin:/sbin'
    'SERVER_SIGNATURE' => ''
    'SERVER_SOFTWARE' => 'Apache/2.4.48 (Unix) LibreSSL/2.8.3 PHP/7.3.29-to-be-removed-in-future-macOS mod_perl/2.0.9 Perl/v5.30.2'
    'SERVER_NAME' => 'rest.dev.yii2'
    'SERVER_ADDR' => '127.0.0.1'
    'SERVER_PORT' => '443'
    'REMOTE_ADDR' => '127.0.0.1'
    'DOCUMENT_ROOT' => '/Users/thrubus/Sites/dev/rest'
    'REQUEST_SCHEME' => 'https'
    'CONTEXT_PREFIX' => ''
    'CONTEXT_DOCUMENT_ROOT' => '/Users/thrubus/Sites/dev/rest'
    'SERVER_ADMIN' => 'you@example.com'
    'SCRIPT_FILENAME' => '/Users/thrubus/Sites/dev/rest/web/index.php'
    'REMOTE_PORT' => '58475'
    'REDIRECT_URL' => '/web/test/error500'
    'GATEWAY_INTERFACE' => 'CGI/1.1'
    'SERVER_PROTOCOL' => 'HTTP/1.1'
    'REQUEST_METHOD' => 'GET'
    'QUERY_STRING' => ''
    'REQUEST_URI' => '/test/error500'
    'SCRIPT_NAME' => '/web/index.php'
    'PHP_SELF' => '/web/index.php'
    'REQUEST_TIME_FLOAT' => 1668638876.0511
    'REQUEST_TIME' => 1668638876
]
2022-11-16 22:50:09 [127.0.0.1][-][-][error][Error] Error: Class 'app\controllers\Bawuk' not found in /Users/thrubus/Sites/dev/rest/controllers/TestController.php:29
Stack trace:
#0 [internal function]: app\controllers\TestController->actionError500()
#1 /Users/thrubus/Sites/dev/rest/vendor/yiisoft/yii2/base/InlineAction.php(57): call_user_func_array(Array, Array)
#2 /Users/thrubus/Sites/dev/rest/vendor/yiisoft/yii2/base/Controller.php(178): yii\base\InlineAction->runWithParams(Array)
#3 /Users/thrubus/Sites/dev/rest/vendor/yiisoft/yii2/base/Module.php(552): yii\base\Controller->runAction('error500', Array)
#4 /Users/thrubus/Sites/dev/rest/vendor/yiisoft/yii2/web/Application.php(103): yii\base\Module->runAction('test/error500', Array)
#5 /Users/thrubus/Sites/dev/rest/vendor/yiisoft/yii2/base/Application.php(384): yii\web\Application->handleRequest(Object(yii\web\Request))
#6 /Users/thrubus/Sites/dev/rest/web/index.php(12): yii\base\Application->run()
#7 {main}
2022-11-16 22:50:09 [127.0.0.1][-][-][info][application] $_GET = []

$_POST = []

$_FILES = []

$_COOKIE = []

$_SERVER = [
    'REDIRECT_REDIRECT_HTTPS' => 'on'
    'REDIRECT_REDIRECT_SSL_TLS_SNI' => 'rest.dev.yii2'
    'REDIRECT_REDIRECT_STATUS' => '200'
    'REDIRECT_HTTPS' => 'on'
    'REDIRECT_SSL_TLS_SNI' => 'rest.dev.yii2'
    'REDIRECT_STATUS' => '200'
    'HTTPS' => 'on'
    'SSL_TLS_SNI' => 'rest.dev.yii2'
    'HTTP_HOST' => 'rest.dev.yii2'
    'HTTP_USER_AGENT' => 'Mozilla/5.0 (Macintosh; Intel Mac OS X 10.15; rv:106.0) Gecko/20100101 Firefox/106.0'
    'HTTP_ACCEPT' => 'text/html,application/xhtml+xml,application/xml;q=0.9,image/avif,image/webp,*/*;q=0.8'
    'HTTP_ACCEPT_LANGUAGE' => 'id,en-US;q=0.7,en;q=0.3'
    'HTTP_ACCEPT_ENCODING' => 'gzip, deflate, br'
    'HTTP_CONNECTION' => 'keep-alive'
    'HTTP_UPGRADE_INSECURE_REQUESTS' => '1'
    'HTTP_SEC_FETCH_DEST' => 'document'
    'HTTP_SEC_FETCH_MODE' => 'navigate'
    'HTTP_SEC_FETCH_SITE' => 'none'
    'HTTP_SEC_FETCH_USER' => '?1'
    'PATH' => '/usr/bin:/bin:/usr/sbin:/sbin'
    'SERVER_SIGNATURE' => ''
    'SERVER_SOFTWARE' => 'Apache/2.4.48 (Unix) LibreSSL/2.8.3 PHP/7.3.29-to-be-removed-in-future-macOS mod_perl/2.0.9 Perl/v5.30.2'
    'SERVER_NAME' => 'rest.dev.yii2'
    'SERVER_ADDR' => '127.0.0.1'
    'SERVER_PORT' => '443'
    'REMOTE_ADDR' => '127.0.0.1'
    'DOCUMENT_ROOT' => '/Users/thrubus/Sites/dev/rest'
    'REQUEST_SCHEME' => 'https'
    'CONTEXT_PREFIX' => ''
    'CONTEXT_DOCUMENT_ROOT' => '/Users/thrubus/Sites/dev/rest'
    'SERVER_ADMIN' => 'you@example.com'
    'SCRIPT_FILENAME' => '/Users/thrubus/Sites/dev/rest/web/index.php'
    'REMOTE_PORT' => '58500'
    'REDIRECT_URL' => '/web/test/error500'
    'GATEWAY_INTERFACE' => 'CGI/1.1'
    'SERVER_PROTOCOL' => 'HTTP/1.1'
    'REQUEST_METHOD' => 'GET'
    'QUERY_STRING' => ''
    'REQUEST_URI' => '/test/error500'
    'SCRIPT_NAME' => '/web/index.php'
    'PHP_SELF' => '/web/index.php'
    'REQUEST_TIME_FLOAT' => 1668639009.7922
    'REQUEST_TIME' => 1668639009
]
2022-11-16 22:51:03 [127.0.0.1][-][-][error][Error] Error: Class 'app\controllers\Bawuk' not found in /Users/thrubus/Sites/dev/rest/controllers/TestController.php:29
Stack trace:
#0 [internal function]: app\controllers\TestController->actionError500()
#1 /Users/thrubus/Sites/dev/rest/vendor/yiisoft/yii2/base/InlineAction.php(57): call_user_func_array(Array, Array)
#2 /Users/thrubus/Sites/dev/rest/vendor/yiisoft/yii2/base/Controller.php(178): yii\base\InlineAction->runWithParams(Array)
#3 /Users/thrubus/Sites/dev/rest/vendor/yiisoft/yii2/base/Module.php(552): yii\base\Controller->runAction('error500', Array)
#4 /Users/thrubus/Sites/dev/rest/vendor/yiisoft/yii2/web/Application.php(103): yii\base\Module->runAction('test/error500', Array)
#5 /Users/thrubus/Sites/dev/rest/vendor/yiisoft/yii2/base/Application.php(384): yii\web\Application->handleRequest(Object(yii\web\Request))
#6 /Users/thrubus/Sites/dev/rest/web/index.php(12): yii\base\Application->run()
#7 {main}
2022-11-16 22:51:03 [127.0.0.1][-][-][info][application] $_GET = []

$_POST = []

$_FILES = []

$_COOKIE = []

$_SERVER = [
    'REDIRECT_REDIRECT_HTTPS' => 'on'
    'REDIRECT_REDIRECT_SSL_TLS_SNI' => 'rest.dev.yii2'
    'REDIRECT_REDIRECT_STATUS' => '200'
    'REDIRECT_HTTPS' => 'on'
    'REDIRECT_SSL_TLS_SNI' => 'rest.dev.yii2'
    'REDIRECT_STATUS' => '200'
    'HTTPS' => 'on'
    'SSL_TLS_SNI' => 'rest.dev.yii2'
    'HTTP_HOST' => 'rest.dev.yii2'
    'HTTP_USER_AGENT' => 'Mozilla/5.0 (Macintosh; Intel Mac OS X 10.15; rv:106.0) Gecko/20100101 Firefox/106.0'
    'HTTP_ACCEPT' => 'text/html,application/xhtml+xml,application/xml;q=0.9,image/avif,image/webp,*/*;q=0.8'
    'HTTP_ACCEPT_LANGUAGE' => 'id,en-US;q=0.7,en;q=0.3'
    'HTTP_ACCEPT_ENCODING' => 'gzip, deflate, br'
    'HTTP_CONNECTION' => 'keep-alive'
    'HTTP_UPGRADE_INSECURE_REQUESTS' => '1'
    'HTTP_SEC_FETCH_DEST' => 'document'
    'HTTP_SEC_FETCH_MODE' => 'navigate'
    'HTTP_SEC_FETCH_SITE' => 'none'
    'HTTP_SEC_FETCH_USER' => '?1'
    'PATH' => '/usr/bin:/bin:/usr/sbin:/sbin'
    'SERVER_SIGNATURE' => ''
    'SERVER_SOFTWARE' => 'Apache/2.4.48 (Unix) LibreSSL/2.8.3 PHP/7.3.29-to-be-removed-in-future-macOS mod_perl/2.0.9 Perl/v5.30.2'
    'SERVER_NAME' => 'rest.dev.yii2'
    'SERVER_ADDR' => '127.0.0.1'
    'SERVER_PORT' => '443'
    'REMOTE_ADDR' => '127.0.0.1'
    'DOCUMENT_ROOT' => '/Users/thrubus/Sites/dev/rest'
    'REQUEST_SCHEME' => 'https'
    'CONTEXT_PREFIX' => ''
    'CONTEXT_DOCUMENT_ROOT' => '/Users/thrubus/Sites/dev/rest'
    'SERVER_ADMIN' => 'you@example.com'
    'SCRIPT_FILENAME' => '/Users/thrubus/Sites/dev/rest/web/index.php'
    'REMOTE_PORT' => '58509'
    'REDIRECT_URL' => '/web/test/error500'
    'GATEWAY_INTERFACE' => 'CGI/1.1'
    'SERVER_PROTOCOL' => 'HTTP/1.1'
    'REQUEST_METHOD' => 'GET'
    'QUERY_STRING' => ''
    'REQUEST_URI' => '/test/error500'
    'SCRIPT_NAME' => '/web/index.php'
    'PHP_SELF' => '/web/index.php'
    'REQUEST_TIME_FLOAT' => 1668639063.1616
    'REQUEST_TIME' => 1668639063
]
2022-11-16 23:02:10 [127.0.0.1][-][-][error][Error] Error: Class 'app\controllers\Bawuk' not found in /Users/thrubus/Sites/dev/rest/controllers/TestController.php:29
Stack trace:
#0 [internal function]: app\controllers\TestController->actionError500()
#1 /Users/thrubus/Sites/dev/rest/vendor/yiisoft/yii2/base/InlineAction.php(57): call_user_func_array(Array, Array)
#2 /Users/thrubus/Sites/dev/rest/vendor/yiisoft/yii2/base/Controller.php(178): yii\base\InlineAction->runWithParams(Array)
#3 /Users/thrubus/Sites/dev/rest/vendor/yiisoft/yii2/base/Module.php(552): yii\base\Controller->runAction('error500', Array)
#4 /Users/thrubus/Sites/dev/rest/vendor/yiisoft/yii2/web/Application.php(103): yii\base\Module->runAction('test/error500', Array)
#5 /Users/thrubus/Sites/dev/rest/vendor/yiisoft/yii2/base/Application.php(384): yii\web\Application->handleRequest(Object(yii\web\Request))
#6 /Users/thrubus/Sites/dev/rest/web/index.php(12): yii\base\Application->run()
#7 {main}
2022-11-16 23:02:10 [127.0.0.1][-][-][info][application] $_GET = []

$_POST = []

$_FILES = []

$_COOKIE = []

$_SERVER = [
    'REDIRECT_REDIRECT_HTTPS' => 'on'
    'REDIRECT_REDIRECT_SSL_TLS_SNI' => 'rest.dev.yii2'
    'REDIRECT_REDIRECT_STATUS' => '200'
    'REDIRECT_HTTPS' => 'on'
    'REDIRECT_SSL_TLS_SNI' => 'rest.dev.yii2'
    'REDIRECT_STATUS' => '200'
    'HTTPS' => 'on'
    'SSL_TLS_SNI' => 'rest.dev.yii2'
    'HTTP_HOST' => 'rest.dev.yii2'
    'HTTP_USER_AGENT' => 'Mozilla/5.0 (Macintosh; Intel Mac OS X 10.15; rv:106.0) Gecko/20100101 Firefox/106.0'
    'HTTP_ACCEPT' => 'text/html,application/xhtml+xml,application/xml;q=0.9,image/avif,image/webp,*/*;q=0.8'
    'HTTP_ACCEPT_LANGUAGE' => 'id,en-US;q=0.7,en;q=0.3'
    'HTTP_ACCEPT_ENCODING' => 'gzip, deflate, br'
    'HTTP_CONNECTION' => 'keep-alive'
    'HTTP_UPGRADE_INSECURE_REQUESTS' => '1'
    'HTTP_SEC_FETCH_DEST' => 'document'
    'HTTP_SEC_FETCH_MODE' => 'navigate'
    'HTTP_SEC_FETCH_SITE' => 'none'
    'HTTP_SEC_FETCH_USER' => '?1'
    'PATH' => '/usr/bin:/bin:/usr/sbin:/sbin'
    'SERVER_SIGNATURE' => ''
    'SERVER_SOFTWARE' => 'Apache/2.4.48 (Unix) LibreSSL/2.8.3 PHP/7.3.29-to-be-removed-in-future-macOS mod_perl/2.0.9 Perl/v5.30.2'
    'SERVER_NAME' => 'rest.dev.yii2'
    'SERVER_ADDR' => '127.0.0.1'
    'SERVER_PORT' => '443'
    'REMOTE_ADDR' => '127.0.0.1'
    'DOCUMENT_ROOT' => '/Users/thrubus/Sites/dev/rest'
    'REQUEST_SCHEME' => 'https'
    'CONTEXT_PREFIX' => ''
    'CONTEXT_DOCUMENT_ROOT' => '/Users/thrubus/Sites/dev/rest'
    'SERVER_ADMIN' => 'you@example.com'
    'SCRIPT_FILENAME' => '/Users/thrubus/Sites/dev/rest/web/index.php'
    'REMOTE_PORT' => '58636'
    'REDIRECT_URL' => '/web/test/error500'
    'GATEWAY_INTERFACE' => 'CGI/1.1'
    'SERVER_PROTOCOL' => 'HTTP/1.1'
    'REQUEST_METHOD' => 'GET'
    'QUERY_STRING' => ''
    'REQUEST_URI' => '/test/error500'
    'SCRIPT_NAME' => '/web/index.php'
    'PHP_SELF' => '/web/index.php'
    'REQUEST_TIME_FLOAT' => 1668639730.7489
    'REQUEST_TIME' => 1668639730
]
2022-11-16 23:03:47 [127.0.0.1][-][-][error][Error] Error: Class 'app\controllers\Bawuk' not found in /Users/thrubus/Sites/dev/rest/controllers/TestController.php:29
Stack trace:
#0 [internal function]: app\controllers\TestController->actionError500()
#1 /Users/thrubus/Sites/dev/rest/vendor/yiisoft/yii2/base/InlineAction.php(57): call_user_func_array(Array, Array)
#2 /Users/thrubus/Sites/dev/rest/vendor/yiisoft/yii2/base/Controller.php(178): yii\base\InlineAction->runWithParams(Array)
#3 /Users/thrubus/Sites/dev/rest/vendor/yiisoft/yii2/base/Module.php(552): yii\base\Controller->runAction('error500', Array)
#4 /Users/thrubus/Sites/dev/rest/vendor/yiisoft/yii2/web/Application.php(103): yii\base\Module->runAction('test/error500', Array)
#5 /Users/thrubus/Sites/dev/rest/vendor/yiisoft/yii2/base/Application.php(384): yii\web\Application->handleRequest(Object(yii\web\Request))
#6 /Users/thrubus/Sites/dev/rest/web/index.php(12): yii\base\Application->run()
#7 {main}
2022-11-16 23:03:47 [127.0.0.1][-][-][info][application] $_GET = []

$_POST = []

$_FILES = []

$_COOKIE = []

$_SERVER = [
    'REDIRECT_REDIRECT_HTTPS' => 'on'
    'REDIRECT_REDIRECT_SSL_TLS_SNI' => 'rest.dev.yii2'
    'REDIRECT_REDIRECT_STATUS' => '200'
    'REDIRECT_HTTPS' => 'on'
    'REDIRECT_SSL_TLS_SNI' => 'rest.dev.yii2'
    'REDIRECT_STATUS' => '200'
    'HTTPS' => 'on'
    'SSL_TLS_SNI' => 'rest.dev.yii2'
    'HTTP_HOST' => 'rest.dev.yii2'
    'HTTP_USER_AGENT' => 'Mozilla/5.0 (Macintosh; Intel Mac OS X 10.15; rv:106.0) Gecko/20100101 Firefox/106.0'
    'HTTP_ACCEPT' => 'text/html,application/xhtml+xml,application/xml;q=0.9,image/avif,image/webp,*/*;q=0.8'
    'HTTP_ACCEPT_LANGUAGE' => 'id,en-US;q=0.7,en;q=0.3'
    'HTTP_ACCEPT_ENCODING' => 'gzip, deflate, br'
    'HTTP_CONNECTION' => 'keep-alive'
    'HTTP_UPGRADE_INSECURE_REQUESTS' => '1'
    'HTTP_SEC_FETCH_DEST' => 'document'
    'HTTP_SEC_FETCH_MODE' => 'navigate'
    'HTTP_SEC_FETCH_SITE' => 'none'
    'HTTP_SEC_FETCH_USER' => '?1'
    'PATH' => '/usr/bin:/bin:/usr/sbin:/sbin'
    'SERVER_SIGNATURE' => ''
    'SERVER_SOFTWARE' => 'Apache/2.4.48 (Unix) LibreSSL/2.8.3 PHP/7.3.29-to-be-removed-in-future-macOS mod_perl/2.0.9 Perl/v5.30.2'
    'SERVER_NAME' => 'rest.dev.yii2'
    'SERVER_ADDR' => '127.0.0.1'
    'SERVER_PORT' => '443'
    'REMOTE_ADDR' => '127.0.0.1'
    'DOCUMENT_ROOT' => '/Users/thrubus/Sites/dev/rest'
    'REQUEST_SCHEME' => 'https'
    'CONTEXT_PREFIX' => ''
    'CONTEXT_DOCUMENT_ROOT' => '/Users/thrubus/Sites/dev/rest'
    'SERVER_ADMIN' => 'you@example.com'
    'SCRIPT_FILENAME' => '/Users/thrubus/Sites/dev/rest/web/index.php'
    'REMOTE_PORT' => '58644'
    'REDIRECT_URL' => '/web/test/error500'
    'GATEWAY_INTERFACE' => 'CGI/1.1'
    'SERVER_PROTOCOL' => 'HTTP/1.1'
    'REQUEST_METHOD' => 'GET'
    'QUERY_STRING' => ''
    'REQUEST_URI' => '/test/error500'
    'SCRIPT_NAME' => '/web/index.php'
    'PHP_SELF' => '/web/index.php'
    'REQUEST_TIME_FLOAT' => 1668639827.7381
    'REQUEST_TIME' => 1668639827
]
2022-11-16 23:29:57 [127.0.0.1][-][-][error][Error] Error: Class 'app\controllers\Bawuk' not found in /Users/thrubus/Sites/dev/rest/controllers/TestController.php:29
Stack trace:
#0 [internal function]: app\controllers\TestController->actionError500()
#1 /Users/thrubus/Sites/dev/rest/vendor/yiisoft/yii2/base/InlineAction.php(57): call_user_func_array(Array, Array)
#2 /Users/thrubus/Sites/dev/rest/vendor/yiisoft/yii2/base/Controller.php(178): yii\base\InlineAction->runWithParams(Array)
#3 /Users/thrubus/Sites/dev/rest/vendor/yiisoft/yii2/base/Module.php(552): yii\base\Controller->runAction('error500', Array)
#4 /Users/thrubus/Sites/dev/rest/vendor/yiisoft/yii2/web/Application.php(103): yii\base\Module->runAction('test/error500', Array)
#5 /Users/thrubus/Sites/dev/rest/vendor/yiisoft/yii2/base/Application.php(384): yii\web\Application->handleRequest(Object(yii\web\Request))
#6 /Users/thrubus/Sites/dev/rest/web/index.php(12): yii\base\Application->run()
#7 {main}
2022-11-16 23:29:57 [127.0.0.1][-][-][info][application] $_GET = []

$_POST = []

$_FILES = []

$_COOKIE = []

$_SERVER = [
    'REDIRECT_REDIRECT_HTTPS' => 'on'
    'REDIRECT_REDIRECT_SSL_TLS_SNI' => 'rest.dev.yii2'
    'REDIRECT_REDIRECT_STATUS' => '200'
    'REDIRECT_HTTPS' => 'on'
    'REDIRECT_SSL_TLS_SNI' => 'rest.dev.yii2'
    'REDIRECT_STATUS' => '200'
    'HTTPS' => 'on'
    'SSL_TLS_SNI' => 'rest.dev.yii2'
    'HTTP_HOST' => 'rest.dev.yii2'
    'HTTP_USER_AGENT' => 'Mozilla/5.0 (Macintosh; Intel Mac OS X 10.15; rv:106.0) Gecko/20100101 Firefox/106.0'
    'HTTP_ACCEPT' => 'text/html,application/xhtml+xml,application/xml;q=0.9,image/avif,image/webp,*/*;q=0.8'
    'HTTP_ACCEPT_LANGUAGE' => 'id,en-US;q=0.7,en;q=0.3'
    'HTTP_ACCEPT_ENCODING' => 'gzip, deflate, br'
    'HTTP_CONNECTION' => 'keep-alive'
    'HTTP_UPGRADE_INSECURE_REQUESTS' => '1'
    'HTTP_SEC_FETCH_DEST' => 'document'
    'HTTP_SEC_FETCH_MODE' => 'navigate'
    'HTTP_SEC_FETCH_SITE' => 'none'
    'HTTP_SEC_FETCH_USER' => '?1'
    'PATH' => '/usr/bin:/bin:/usr/sbin:/sbin'
    'SERVER_SIGNATURE' => ''
    'SERVER_SOFTWARE' => 'Apache/2.4.48 (Unix) LibreSSL/2.8.3 PHP/7.3.29-to-be-removed-in-future-macOS mod_perl/2.0.9 Perl/v5.30.2'
    'SERVER_NAME' => 'rest.dev.yii2'
    'SERVER_ADDR' => '127.0.0.1'
    'SERVER_PORT' => '443'
    'REMOTE_ADDR' => '127.0.0.1'
    'DOCUMENT_ROOT' => '/Users/thrubus/Sites/dev/rest'
    'REQUEST_SCHEME' => 'https'
    'CONTEXT_PREFIX' => ''
    'CONTEXT_DOCUMENT_ROOT' => '/Users/thrubus/Sites/dev/rest'
    'SERVER_ADMIN' => 'you@example.com'
    'SCRIPT_FILENAME' => '/Users/thrubus/Sites/dev/rest/web/index.php'
    'REMOTE_PORT' => '58880'
    'REDIRECT_URL' => '/web/test/error500'
    'GATEWAY_INTERFACE' => 'CGI/1.1'
    'SERVER_PROTOCOL' => 'HTTP/1.1'
    'REQUEST_METHOD' => 'GET'
    'QUERY_STRING' => ''
    'REQUEST_URI' => '/test/error500'
    'SCRIPT_NAME' => '/web/index.php'
    'PHP_SELF' => '/web/index.php'
    'REQUEST_TIME_FLOAT' => 1668641396.9996
    'REQUEST_TIME' => 1668641396
]
2022-11-16 23:30:42 [127.0.0.1][-][-][error][Error] Error: Class 'app\controllers\Bawuk' not found in /Users/thrubus/Sites/dev/rest/controllers/TestController.php:29
Stack trace:
#0 [internal function]: app\controllers\TestController->actionError500()
#1 /Users/thrubus/Sites/dev/rest/vendor/yiisoft/yii2/base/InlineAction.php(57): call_user_func_array(Array, Array)
#2 /Users/thrubus/Sites/dev/rest/vendor/yiisoft/yii2/base/Controller.php(178): yii\base\InlineAction->runWithParams(Array)
#3 /Users/thrubus/Sites/dev/rest/vendor/yiisoft/yii2/base/Module.php(552): yii\base\Controller->runAction('error500', Array)
#4 /Users/thrubus/Sites/dev/rest/vendor/yiisoft/yii2/web/Application.php(103): yii\base\Module->runAction('test/error500', Array)
#5 /Users/thrubus/Sites/dev/rest/vendor/yiisoft/yii2/base/Application.php(384): yii\web\Application->handleRequest(Object(yii\web\Request))
#6 /Users/thrubus/Sites/dev/rest/web/index.php(12): yii\base\Application->run()
#7 {main}
2022-11-16 23:30:42 [127.0.0.1][-][-][info][application] $_GET = []

$_POST = []

$_FILES = []

$_COOKIE = []

$_SERVER = [
    'REDIRECT_REDIRECT_HTTPS' => 'on'
    'REDIRECT_REDIRECT_SSL_TLS_SNI' => 'rest.dev.yii2'
    'REDIRECT_REDIRECT_STATUS' => '200'
    'REDIRECT_HTTPS' => 'on'
    'REDIRECT_SSL_TLS_SNI' => 'rest.dev.yii2'
    'REDIRECT_STATUS' => '200'
    'HTTPS' => 'on'
    'SSL_TLS_SNI' => 'rest.dev.yii2'
    'HTTP_HOST' => 'rest.dev.yii2'
    'HTTP_USER_AGENT' => 'Mozilla/5.0 (Macintosh; Intel Mac OS X 10.15; rv:106.0) Gecko/20100101 Firefox/106.0'
    'HTTP_ACCEPT' => 'text/html,application/xhtml+xml,application/xml;q=0.9,image/avif,image/webp,*/*;q=0.8'
    'HTTP_ACCEPT_LANGUAGE' => 'id,en-US;q=0.7,en;q=0.3'
    'HTTP_ACCEPT_ENCODING' => 'gzip, deflate, br'
    'HTTP_CONNECTION' => 'keep-alive'
    'HTTP_UPGRADE_INSECURE_REQUESTS' => '1'
    'HTTP_SEC_FETCH_DEST' => 'document'
    'HTTP_SEC_FETCH_MODE' => 'navigate'
    'HTTP_SEC_FETCH_SITE' => 'none'
    'HTTP_SEC_FETCH_USER' => '?1'
    'PATH' => '/usr/bin:/bin:/usr/sbin:/sbin'
    'SERVER_SIGNATURE' => ''
    'SERVER_SOFTWARE' => 'Apache/2.4.48 (Unix) LibreSSL/2.8.3 PHP/7.3.29-to-be-removed-in-future-macOS mod_perl/2.0.9 Perl/v5.30.2'
    'SERVER_NAME' => 'rest.dev.yii2'
    'SERVER_ADDR' => '127.0.0.1'
    'SERVER_PORT' => '443'
    'REMOTE_ADDR' => '127.0.0.1'
    'DOCUMENT_ROOT' => '/Users/thrubus/Sites/dev/rest'
    'REQUEST_SCHEME' => 'https'
    'CONTEXT_PREFIX' => ''
    'CONTEXT_DOCUMENT_ROOT' => '/Users/thrubus/Sites/dev/rest'
    'SERVER_ADMIN' => 'you@example.com'
    'SCRIPT_FILENAME' => '/Users/thrubus/Sites/dev/rest/web/index.php'
    'REMOTE_PORT' => '58891'
    'REDIRECT_URL' => '/web/test/error500'
    'GATEWAY_INTERFACE' => 'CGI/1.1'
    'SERVER_PROTOCOL' => 'HTTP/1.1'
    'REQUEST_METHOD' => 'GET'
    'QUERY_STRING' => ''
    'REQUEST_URI' => '/test/error500'
    'SCRIPT_NAME' => '/web/index.php'
    'PHP_SELF' => '/web/index.php'
    'REQUEST_TIME_FLOAT' => 1668641442.596
    'REQUEST_TIME' => 1668641442
]
2022-11-16 23:37:35 [127.0.0.1][-][-][error][Error] Error: Class 'app\controllers\Bawuk' not found in /Users/thrubus/Sites/dev/rest/controllers/TestController.php:29
Stack trace:
#0 [internal function]: app\controllers\TestController->actionError500()
#1 /Users/thrubus/Sites/dev/rest/vendor/yiisoft/yii2/base/InlineAction.php(57): call_user_func_array(Array, Array)
#2 /Users/thrubus/Sites/dev/rest/vendor/yiisoft/yii2/base/Controller.php(178): yii\base\InlineAction->runWithParams(Array)
#3 /Users/thrubus/Sites/dev/rest/vendor/yiisoft/yii2/base/Module.php(552): yii\base\Controller->runAction('error500', Array)
#4 /Users/thrubus/Sites/dev/rest/vendor/yiisoft/yii2/web/Application.php(103): yii\base\Module->runAction('test/error500', Array)
#5 /Users/thrubus/Sites/dev/rest/vendor/yiisoft/yii2/base/Application.php(384): yii\web\Application->handleRequest(Object(yii\web\Request))
#6 /Users/thrubus/Sites/dev/rest/web/index.php(12): yii\base\Application->run()
#7 {main}
2022-11-16 23:37:35 [127.0.0.1][-][-][info][application] $_GET = []

$_POST = []

$_FILES = []

$_COOKIE = []

$_SERVER = [
    'REDIRECT_REDIRECT_HTTPS' => 'on'
    'REDIRECT_REDIRECT_SSL_TLS_SNI' => 'rest.dev.yii2'
    'REDIRECT_REDIRECT_STATUS' => '200'
    'REDIRECT_HTTPS' => 'on'
    'REDIRECT_SSL_TLS_SNI' => 'rest.dev.yii2'
    'REDIRECT_STATUS' => '200'
    'HTTPS' => 'on'
    'SSL_TLS_SNI' => 'rest.dev.yii2'
    'HTTP_HOST' => 'rest.dev.yii2'
    'HTTP_USER_AGENT' => 'Mozilla/5.0 (Macintosh; Intel Mac OS X 10.15; rv:106.0) Gecko/20100101 Firefox/106.0'
    'HTTP_ACCEPT' => 'text/html,application/xhtml+xml,application/xml;q=0.9,image/avif,image/webp,*/*;q=0.8'
    'HTTP_ACCEPT_LANGUAGE' => 'id,en-US;q=0.7,en;q=0.3'
    'HTTP_ACCEPT_ENCODING' => 'gzip, deflate, br'
    'HTTP_CONNECTION' => 'keep-alive'
    'HTTP_UPGRADE_INSECURE_REQUESTS' => '1'
    'HTTP_SEC_FETCH_DEST' => 'document'
    'HTTP_SEC_FETCH_MODE' => 'navigate'
    'HTTP_SEC_FETCH_SITE' => 'none'
    'HTTP_SEC_FETCH_USER' => '?1'
    'PATH' => '/usr/bin:/bin:/usr/sbin:/sbin'
    'SERVER_SIGNATURE' => ''
    'SERVER_SOFTWARE' => 'Apache/2.4.48 (Unix) LibreSSL/2.8.3 PHP/7.3.29-to-be-removed-in-future-macOS mod_perl/2.0.9 Perl/v5.30.2'
    'SERVER_NAME' => 'rest.dev.yii2'
    'SERVER_ADDR' => '127.0.0.1'
    'SERVER_PORT' => '443'
    'REMOTE_ADDR' => '127.0.0.1'
    'DOCUMENT_ROOT' => '/Users/thrubus/Sites/dev/rest'
    'REQUEST_SCHEME' => 'https'
    'CONTEXT_PREFIX' => ''
    'CONTEXT_DOCUMENT_ROOT' => '/Users/thrubus/Sites/dev/rest'
    'SERVER_ADMIN' => 'you@example.com'
    'SCRIPT_FILENAME' => '/Users/thrubus/Sites/dev/rest/web/index.php'
    'REMOTE_PORT' => '58945'
    'REDIRECT_URL' => '/web/test/error500'
    'GATEWAY_INTERFACE' => 'CGI/1.1'
    'SERVER_PROTOCOL' => 'HTTP/1.1'
    'REQUEST_METHOD' => 'GET'
    'QUERY_STRING' => ''
    'REQUEST_URI' => '/test/error500'
    'SCRIPT_NAME' => '/web/index.php'
    'PHP_SELF' => '/web/index.php'
    'REQUEST_TIME_FLOAT' => 1668641855.0503
    'REQUEST_TIME' => 1668641855
]
2022-11-16 23:39:30 [127.0.0.1][-][-][error][Error] Error: Class 'app\controllers\Bawuk' not found in /Users/thrubus/Sites/dev/rest/controllers/TestController.php:29
Stack trace:
#0 [internal function]: app\controllers\TestController->actionError500()
#1 /Users/thrubus/Sites/dev/rest/vendor/yiisoft/yii2/base/InlineAction.php(57): call_user_func_array(Array, Array)
#2 /Users/thrubus/Sites/dev/rest/vendor/yiisoft/yii2/base/Controller.php(178): yii\base\InlineAction->runWithParams(Array)
#3 /Users/thrubus/Sites/dev/rest/vendor/yiisoft/yii2/base/Module.php(552): yii\base\Controller->runAction('error500', Array)
#4 /Users/thrubus/Sites/dev/rest/vendor/yiisoft/yii2/web/Application.php(103): yii\base\Module->runAction('test/error500', Array)
#5 /Users/thrubus/Sites/dev/rest/vendor/yiisoft/yii2/base/Application.php(384): yii\web\Application->handleRequest(Object(yii\web\Request))
#6 /Users/thrubus/Sites/dev/rest/web/index.php(12): yii\base\Application->run()
#7 {main}
2022-11-16 23:39:30 [127.0.0.1][-][-][info][application] $_GET = []

$_POST = []

$_FILES = []

$_COOKIE = []

$_SERVER = [
    'REDIRECT_REDIRECT_HTTPS' => 'on'
    'REDIRECT_REDIRECT_SSL_TLS_SNI' => 'rest.dev.yii2'
    'REDIRECT_REDIRECT_STATUS' => '200'
    'REDIRECT_HTTPS' => 'on'
    'REDIRECT_SSL_TLS_SNI' => 'rest.dev.yii2'
    'REDIRECT_STATUS' => '200'
    'HTTPS' => 'on'
    'SSL_TLS_SNI' => 'rest.dev.yii2'
    'HTTP_HOST' => 'rest.dev.yii2'
    'HTTP_USER_AGENT' => 'Mozilla/5.0 (Macintosh; Intel Mac OS X 10.15; rv:106.0) Gecko/20100101 Firefox/106.0'
    'HTTP_ACCEPT' => 'text/html,application/xhtml+xml,application/xml;q=0.9,image/avif,image/webp,*/*;q=0.8'
    'HTTP_ACCEPT_LANGUAGE' => 'id,en-US;q=0.7,en;q=0.3'
    'HTTP_ACCEPT_ENCODING' => 'gzip, deflate, br'
    'HTTP_CONNECTION' => 'keep-alive'
    'HTTP_UPGRADE_INSECURE_REQUESTS' => '1'
    'HTTP_SEC_FETCH_DEST' => 'document'
    'HTTP_SEC_FETCH_MODE' => 'navigate'
    'HTTP_SEC_FETCH_SITE' => 'none'
    'HTTP_SEC_FETCH_USER' => '?1'
    'PATH' => '/usr/bin:/bin:/usr/sbin:/sbin'
    'SERVER_SIGNATURE' => ''
    'SERVER_SOFTWARE' => 'Apache/2.4.48 (Unix) LibreSSL/2.8.3 PHP/7.3.29-to-be-removed-in-future-macOS mod_perl/2.0.9 Perl/v5.30.2'
    'SERVER_NAME' => 'rest.dev.yii2'
    'SERVER_ADDR' => '127.0.0.1'
    'SERVER_PORT' => '443'
    'REMOTE_ADDR' => '127.0.0.1'
    'DOCUMENT_ROOT' => '/Users/thrubus/Sites/dev/rest'
    'REQUEST_SCHEME' => 'https'
    'CONTEXT_PREFIX' => ''
    'CONTEXT_DOCUMENT_ROOT' => '/Users/thrubus/Sites/dev/rest'
    'SERVER_ADMIN' => 'you@example.com'
    'SCRIPT_FILENAME' => '/Users/thrubus/Sites/dev/rest/web/index.php'
    'REMOTE_PORT' => '58969'
    'REDIRECT_URL' => '/web/test/error500'
    'GATEWAY_INTERFACE' => 'CGI/1.1'
    'SERVER_PROTOCOL' => 'HTTP/1.1'
    'REQUEST_METHOD' => 'GET'
    'QUERY_STRING' => ''
    'REQUEST_URI' => '/test/error500'
    'SCRIPT_NAME' => '/web/index.php'
    'PHP_SELF' => '/web/index.php'
    'REQUEST_TIME_FLOAT' => 1668641970.5171
    'REQUEST_TIME' => 1668641970
]
2022-11-16 23:42:10 [127.0.0.1][-][-][error][Error] Error: Class 'app\controllers\Bawuk' not found in /Users/thrubus/Sites/dev/rest/controllers/TestController.php:29
Stack trace:
#0 [internal function]: app\controllers\TestController->actionError500()
#1 /Users/thrubus/Sites/dev/rest/vendor/yiisoft/yii2/base/InlineAction.php(57): call_user_func_array(Array, Array)
#2 /Users/thrubus/Sites/dev/rest/vendor/yiisoft/yii2/base/Controller.php(178): yii\base\InlineAction->runWithParams(Array)
#3 /Users/thrubus/Sites/dev/rest/vendor/yiisoft/yii2/base/Module.php(552): yii\base\Controller->runAction('error500', Array)
#4 /Users/thrubus/Sites/dev/rest/vendor/yiisoft/yii2/web/Application.php(103): yii\base\Module->runAction('test/error500', Array)
#5 /Users/thrubus/Sites/dev/rest/vendor/yiisoft/yii2/base/Application.php(384): yii\web\Application->handleRequest(Object(yii\web\Request))
#6 /Users/thrubus/Sites/dev/rest/web/index.php(12): yii\base\Application->run()
#7 {main}
2022-11-16 23:42:10 [127.0.0.1][-][-][info][application] $_GET = []

$_POST = []

$_FILES = []

$_COOKIE = []

$_SERVER = [
    'REDIRECT_REDIRECT_HTTPS' => 'on'
    'REDIRECT_REDIRECT_SSL_TLS_SNI' => 'rest.dev.yii2'
    'REDIRECT_REDIRECT_STATUS' => '200'
    'REDIRECT_HTTPS' => 'on'
    'REDIRECT_SSL_TLS_SNI' => 'rest.dev.yii2'
    'REDIRECT_STATUS' => '200'
    'HTTPS' => 'on'
    'SSL_TLS_SNI' => 'rest.dev.yii2'
    'HTTP_HOST' => 'rest.dev.yii2'
    'HTTP_USER_AGENT' => 'Mozilla/5.0 (Macintosh; Intel Mac OS X 10.15; rv:106.0) Gecko/20100101 Firefox/106.0'
    'HTTP_ACCEPT' => 'text/html,application/xhtml+xml,application/xml;q=0.9,image/avif,image/webp,*/*;q=0.8'
    'HTTP_ACCEPT_LANGUAGE' => 'id,en-US;q=0.7,en;q=0.3'
    'HTTP_ACCEPT_ENCODING' => 'gzip, deflate, br'
    'HTTP_CONNECTION' => 'keep-alive'
    'HTTP_UPGRADE_INSECURE_REQUESTS' => '1'
    'HTTP_SEC_FETCH_DEST' => 'document'
    'HTTP_SEC_FETCH_MODE' => 'navigate'
    'HTTP_SEC_FETCH_SITE' => 'none'
    'HTTP_SEC_FETCH_USER' => '?1'
    'PATH' => '/usr/bin:/bin:/usr/sbin:/sbin'
    'SERVER_SIGNATURE' => ''
    'SERVER_SOFTWARE' => 'Apache/2.4.48 (Unix) LibreSSL/2.8.3 PHP/7.3.29-to-be-removed-in-future-macOS mod_perl/2.0.9 Perl/v5.30.2'
    'SERVER_NAME' => 'rest.dev.yii2'
    'SERVER_ADDR' => '127.0.0.1'
    'SERVER_PORT' => '443'
    'REMOTE_ADDR' => '127.0.0.1'
    'DOCUMENT_ROOT' => '/Users/thrubus/Sites/dev/rest'
    'REQUEST_SCHEME' => 'https'
    'CONTEXT_PREFIX' => ''
    'CONTEXT_DOCUMENT_ROOT' => '/Users/thrubus/Sites/dev/rest'
    'SERVER_ADMIN' => 'you@example.com'
    'SCRIPT_FILENAME' => '/Users/thrubus/Sites/dev/rest/web/index.php'
    'REMOTE_PORT' => '58992'
    'REDIRECT_URL' => '/web/test/error500'
    'GATEWAY_INTERFACE' => 'CGI/1.1'
    'SERVER_PROTOCOL' => 'HTTP/1.1'
    'REQUEST_METHOD' => 'GET'
    'QUERY_STRING' => ''
    'REQUEST_URI' => '/test/error500'
    'SCRIPT_NAME' => '/web/index.php'
    'PHP_SELF' => '/web/index.php'
    'REQUEST_TIME_FLOAT' => 1668642130.082
    'REQUEST_TIME' => 1668642130
]
2022-11-16 23:42:25 [127.0.0.1][-][-][error][Error] Error: Class 'app\controllers\Bawuk' not found in /Users/thrubus/Sites/dev/rest/controllers/TestController.php:29
Stack trace:
#0 [internal function]: app\controllers\TestController->actionError500()
#1 /Users/thrubus/Sites/dev/rest/vendor/yiisoft/yii2/base/InlineAction.php(57): call_user_func_array(Array, Array)
#2 /Users/thrubus/Sites/dev/rest/vendor/yiisoft/yii2/base/Controller.php(178): yii\base\InlineAction->runWithParams(Array)
#3 /Users/thrubus/Sites/dev/rest/vendor/yiisoft/yii2/base/Module.php(552): yii\base\Controller->runAction('error500', Array)
#4 /Users/thrubus/Sites/dev/rest/vendor/yiisoft/yii2/web/Application.php(103): yii\base\Module->runAction('test/error500', Array)
#5 /Users/thrubus/Sites/dev/rest/vendor/yiisoft/yii2/base/Application.php(384): yii\web\Application->handleRequest(Object(yii\web\Request))
#6 /Users/thrubus/Sites/dev/rest/web/index.php(12): yii\base\Application->run()
#7 {main}
2022-11-16 23:42:25 [127.0.0.1][-][-][info][application] $_GET = []

$_POST = []

$_FILES = []

$_COOKIE = []

$_SERVER = [
    'REDIRECT_REDIRECT_HTTPS' => 'on'
    'REDIRECT_REDIRECT_SSL_TLS_SNI' => 'rest.dev.yii2'
    'REDIRECT_REDIRECT_STATUS' => '200'
    'REDIRECT_HTTPS' => 'on'
    'REDIRECT_SSL_TLS_SNI' => 'rest.dev.yii2'
    'REDIRECT_STATUS' => '200'
    'HTTPS' => 'on'
    'SSL_TLS_SNI' => 'rest.dev.yii2'
    'HTTP_HOST' => 'rest.dev.yii2'
    'HTTP_USER_AGENT' => 'Mozilla/5.0 (Macintosh; Intel Mac OS X 10.15; rv:106.0) Gecko/20100101 Firefox/106.0'
    'HTTP_ACCEPT' => 'text/html,application/xhtml+xml,application/xml;q=0.9,image/avif,image/webp,*/*;q=0.8'
    'HTTP_ACCEPT_LANGUAGE' => 'id,en-US;q=0.7,en;q=0.3'
    'HTTP_ACCEPT_ENCODING' => 'gzip, deflate, br'
    'HTTP_CONNECTION' => 'keep-alive'
    'HTTP_UPGRADE_INSECURE_REQUESTS' => '1'
    'HTTP_SEC_FETCH_DEST' => 'document'
    'HTTP_SEC_FETCH_MODE' => 'navigate'
    'HTTP_SEC_FETCH_SITE' => 'none'
    'HTTP_SEC_FETCH_USER' => '?1'
    'PATH' => '/usr/bin:/bin:/usr/sbin:/sbin'
    'SERVER_SIGNATURE' => ''
    'SERVER_SOFTWARE' => 'Apache/2.4.48 (Unix) LibreSSL/2.8.3 PHP/7.3.29-to-be-removed-in-future-macOS mod_perl/2.0.9 Perl/v5.30.2'
    'SERVER_NAME' => 'rest.dev.yii2'
    'SERVER_ADDR' => '127.0.0.1'
    'SERVER_PORT' => '443'
    'REMOTE_ADDR' => '127.0.0.1'
    'DOCUMENT_ROOT' => '/Users/thrubus/Sites/dev/rest'
    'REQUEST_SCHEME' => 'https'
    'CONTEXT_PREFIX' => ''
    'CONTEXT_DOCUMENT_ROOT' => '/Users/thrubus/Sites/dev/rest'
    'SERVER_ADMIN' => 'you@example.com'
    'SCRIPT_FILENAME' => '/Users/thrubus/Sites/dev/rest/web/index.php'
    'REMOTE_PORT' => '58995'
    'REDIRECT_URL' => '/web/test/error500'
    'GATEWAY_INTERFACE' => 'CGI/1.1'
    'SERVER_PROTOCOL' => 'HTTP/1.1'
    'REQUEST_METHOD' => 'GET'
    'QUERY_STRING' => ''
    'REQUEST_URI' => '/test/error500'
    'SCRIPT_NAME' => '/web/index.php'
    'PHP_SELF' => '/web/index.php'
    'REQUEST_TIME_FLOAT' => 1668642145.5904
    'REQUEST_TIME' => 1668642145
]
2022-11-16 23:48:20 [127.0.0.1][-][-][error][Error] Error: Class 'app\controllers\Bawuk' not found in /Users/thrubus/Sites/dev/rest/controllers/TestController.php:29
Stack trace:
#0 [internal function]: app\controllers\TestController->actionError500()
#1 /Users/thrubus/Sites/dev/rest/vendor/yiisoft/yii2/base/InlineAction.php(57): call_user_func_array(Array, Array)
#2 /Users/thrubus/Sites/dev/rest/vendor/yiisoft/yii2/base/Controller.php(178): yii\base\InlineAction->runWithParams(Array)
#3 /Users/thrubus/Sites/dev/rest/vendor/yiisoft/yii2/base/Module.php(552): yii\base\Controller->runAction('error500', Array)
#4 /Users/thrubus/Sites/dev/rest/vendor/yiisoft/yii2/web/Application.php(103): yii\base\Module->runAction('test/error500', Array)
#5 /Users/thrubus/Sites/dev/rest/vendor/yiisoft/yii2/base/Application.php(384): yii\web\Application->handleRequest(Object(yii\web\Request))
#6 /Users/thrubus/Sites/dev/rest/web/index.php(12): yii\base\Application->run()
#7 {main}
2022-11-16 23:48:20 [127.0.0.1][-][-][info][application] $_GET = []

$_POST = []

$_FILES = []

$_COOKIE = []

$_SERVER = [
    'REDIRECT_REDIRECT_HTTPS' => 'on'
    'REDIRECT_REDIRECT_SSL_TLS_SNI' => 'rest.dev.yii2'
    'REDIRECT_REDIRECT_STATUS' => '200'
    'REDIRECT_HTTPS' => 'on'
    'REDIRECT_SSL_TLS_SNI' => 'rest.dev.yii2'
    'REDIRECT_STATUS' => '200'
    'HTTPS' => 'on'
    'SSL_TLS_SNI' => 'rest.dev.yii2'
    'HTTP_HOST' => 'rest.dev.yii2'
    'HTTP_USER_AGENT' => 'Mozilla/5.0 (Macintosh; Intel Mac OS X 10.15; rv:106.0) Gecko/20100101 Firefox/106.0'
    'HTTP_ACCEPT' => 'text/html,application/xhtml+xml,application/xml;q=0.9,image/avif,image/webp,*/*;q=0.8'
    'HTTP_ACCEPT_LANGUAGE' => 'id,en-US;q=0.7,en;q=0.3'
    'HTTP_ACCEPT_ENCODING' => 'gzip, deflate, br'
    'HTTP_CONNECTION' => 'keep-alive'
    'HTTP_UPGRADE_INSECURE_REQUESTS' => '1'
    'HTTP_SEC_FETCH_DEST' => 'document'
    'HTTP_SEC_FETCH_MODE' => 'navigate'
    'HTTP_SEC_FETCH_SITE' => 'none'
    'HTTP_SEC_FETCH_USER' => '?1'
    'PATH' => '/usr/bin:/bin:/usr/sbin:/sbin'
    'SERVER_SIGNATURE' => ''
    'SERVER_SOFTWARE' => 'Apache/2.4.48 (Unix) LibreSSL/2.8.3 PHP/7.3.29-to-be-removed-in-future-macOS mod_perl/2.0.9 Perl/v5.30.2'
    'SERVER_NAME' => 'rest.dev.yii2'
    'SERVER_ADDR' => '127.0.0.1'
    'SERVER_PORT' => '443'
    'REMOTE_ADDR' => '127.0.0.1'
    'DOCUMENT_ROOT' => '/Users/thrubus/Sites/dev/rest'
    'REQUEST_SCHEME' => 'https'
    'CONTEXT_PREFIX' => ''
    'CONTEXT_DOCUMENT_ROOT' => '/Users/thrubus/Sites/dev/rest'
    'SERVER_ADMIN' => 'you@example.com'
    'SCRIPT_FILENAME' => '/Users/thrubus/Sites/dev/rest/web/index.php'
    'REMOTE_PORT' => '59040'
    'REDIRECT_URL' => '/web/test/error500'
    'GATEWAY_INTERFACE' => 'CGI/1.1'
    'SERVER_PROTOCOL' => 'HTTP/1.1'
    'REQUEST_METHOD' => 'GET'
    'QUERY_STRING' => ''
    'REQUEST_URI' => '/test/error500'
    'SCRIPT_NAME' => '/web/index.php'
    'PHP_SELF' => '/web/index.php'
    'REQUEST_TIME_FLOAT' => 1668642500.3962
    'REQUEST_TIME' => 1668642500
]
2022-11-16 23:48:24 [127.0.0.1][-][-][error][Error] Error: Class 'app\controllers\Bawuk' not found in /Users/thrubus/Sites/dev/rest/controllers/TestController.php:29
Stack trace:
#0 [internal function]: app\controllers\TestController->actionError500()
#1 /Users/thrubus/Sites/dev/rest/vendor/yiisoft/yii2/base/InlineAction.php(57): call_user_func_array(Array, Array)
#2 /Users/thrubus/Sites/dev/rest/vendor/yiisoft/yii2/base/Controller.php(178): yii\base\InlineAction->runWithParams(Array)
#3 /Users/thrubus/Sites/dev/rest/vendor/yiisoft/yii2/base/Module.php(552): yii\base\Controller->runAction('error500', Array)
#4 /Users/thrubus/Sites/dev/rest/vendor/yiisoft/yii2/web/Application.php(103): yii\base\Module->runAction('test/error500', Array)
#5 /Users/thrubus/Sites/dev/rest/vendor/yiisoft/yii2/base/Application.php(384): yii\web\Application->handleRequest(Object(yii\web\Request))
#6 /Users/thrubus/Sites/dev/rest/web/index.php(12): yii\base\Application->run()
#7 {main}
2022-11-16 23:48:24 [127.0.0.1][-][-][info][application] $_GET = []

$_POST = []

$_FILES = []

$_COOKIE = []

$_SERVER = [
    'REDIRECT_REDIRECT_HTTPS' => 'on'
    'REDIRECT_REDIRECT_SSL_TLS_SNI' => 'rest.dev.yii2'
    'REDIRECT_REDIRECT_STATUS' => '200'
    'REDIRECT_HTTPS' => 'on'
    'REDIRECT_SSL_TLS_SNI' => 'rest.dev.yii2'
    'REDIRECT_STATUS' => '200'
    'HTTPS' => 'on'
    'SSL_TLS_SNI' => 'rest.dev.yii2'
    'HTTP_HOST' => 'rest.dev.yii2'
    'HTTP_USER_AGENT' => 'Mozilla/5.0 (Macintosh; Intel Mac OS X 10.15; rv:106.0) Gecko/20100101 Firefox/106.0'
    'HTTP_ACCEPT' => 'text/html,application/xhtml+xml,application/xml;q=0.9,image/avif,image/webp,*/*;q=0.8'
    'HTTP_ACCEPT_LANGUAGE' => 'id,en-US;q=0.7,en;q=0.3'
    'HTTP_ACCEPT_ENCODING' => 'gzip, deflate, br'
    'HTTP_CONNECTION' => 'keep-alive'
    'HTTP_UPGRADE_INSECURE_REQUESTS' => '1'
    'HTTP_SEC_FETCH_DEST' => 'document'
    'HTTP_SEC_FETCH_MODE' => 'navigate'
    'HTTP_SEC_FETCH_SITE' => 'none'
    'HTTP_SEC_FETCH_USER' => '?1'
    'PATH' => '/usr/bin:/bin:/usr/sbin:/sbin'
    'SERVER_SIGNATURE' => ''
    'SERVER_SOFTWARE' => 'Apache/2.4.48 (Unix) LibreSSL/2.8.3 PHP/7.3.29-to-be-removed-in-future-macOS mod_perl/2.0.9 Perl/v5.30.2'
    'SERVER_NAME' => 'rest.dev.yii2'
    'SERVER_ADDR' => '127.0.0.1'
    'SERVER_PORT' => '443'
    'REMOTE_ADDR' => '127.0.0.1'
    'DOCUMENT_ROOT' => '/Users/thrubus/Sites/dev/rest'
    'REQUEST_SCHEME' => 'https'
    'CONTEXT_PREFIX' => ''
    'CONTEXT_DOCUMENT_ROOT' => '/Users/thrubus/Sites/dev/rest'
    'SERVER_ADMIN' => 'you@example.com'
    'SCRIPT_FILENAME' => '/Users/thrubus/Sites/dev/rest/web/index.php'
    'REMOTE_PORT' => '59041'
    'REDIRECT_URL' => '/web/test/error500'
    'GATEWAY_INTERFACE' => 'CGI/1.1'
    'SERVER_PROTOCOL' => 'HTTP/1.1'
    'REQUEST_METHOD' => 'GET'
    'QUERY_STRING' => ''
    'REQUEST_URI' => '/test/error500'
    'SCRIPT_NAME' => '/web/index.php'
    'PHP_SELF' => '/web/index.php'
    'REQUEST_TIME_FLOAT' => 1668642504.6935
    'REQUEST_TIME' => 1668642504
]
2022-11-16 23:50:52 [127.0.0.1][-][-][error][Error] Error: Class 'app\controllers\Bawuk' not found in /Users/thrubus/Sites/dev/rest/controllers/TestController.php:29
Stack trace:
#0 [internal function]: app\controllers\TestController->actionError500()
#1 /Users/thrubus/Sites/dev/rest/vendor/yiisoft/yii2/base/InlineAction.php(57): call_user_func_array(Array, Array)
#2 /Users/thrubus/Sites/dev/rest/vendor/yiisoft/yii2/base/Controller.php(178): yii\base\InlineAction->runWithParams(Array)
#3 /Users/thrubus/Sites/dev/rest/vendor/yiisoft/yii2/base/Module.php(552): yii\base\Controller->runAction('error500', Array)
#4 /Users/thrubus/Sites/dev/rest/vendor/yiisoft/yii2/web/Application.php(103): yii\base\Module->runAction('test/error500', Array)
#5 /Users/thrubus/Sites/dev/rest/vendor/yiisoft/yii2/base/Application.php(384): yii\web\Application->handleRequest(Object(yii\web\Request))
#6 /Users/thrubus/Sites/dev/rest/web/index.php(12): yii\base\Application->run()
#7 {main}
2022-11-16 23:50:52 [127.0.0.1][-][-][info][application] $_GET = []

$_POST = []

$_FILES = []

$_COOKIE = []

$_SERVER = [
    'REDIRECT_REDIRECT_HTTPS' => 'on'
    'REDIRECT_REDIRECT_SSL_TLS_SNI' => 'rest.dev.yii2'
    'REDIRECT_REDIRECT_STATUS' => '200'
    'REDIRECT_HTTPS' => 'on'
    'REDIRECT_SSL_TLS_SNI' => 'rest.dev.yii2'
    'REDIRECT_STATUS' => '200'
    'HTTPS' => 'on'
    'SSL_TLS_SNI' => 'rest.dev.yii2'
    'HTTP_HOST' => 'rest.dev.yii2'
    'HTTP_USER_AGENT' => 'Mozilla/5.0 (Macintosh; Intel Mac OS X 10.15; rv:106.0) Gecko/20100101 Firefox/106.0'
    'HTTP_ACCEPT' => 'text/html,application/xhtml+xml,application/xml;q=0.9,image/avif,image/webp,*/*;q=0.8'
    'HTTP_ACCEPT_LANGUAGE' => 'id,en-US;q=0.7,en;q=0.3'
    'HTTP_ACCEPT_ENCODING' => 'gzip, deflate, br'
    'HTTP_CONNECTION' => 'keep-alive'
    'HTTP_UPGRADE_INSECURE_REQUESTS' => '1'
    'HTTP_SEC_FETCH_DEST' => 'document'
    'HTTP_SEC_FETCH_MODE' => 'navigate'
    'HTTP_SEC_FETCH_SITE' => 'none'
    'HTTP_SEC_FETCH_USER' => '?1'
    'PATH' => '/usr/bin:/bin:/usr/sbin:/sbin'
    'SERVER_SIGNATURE' => ''
    'SERVER_SOFTWARE' => 'Apache/2.4.48 (Unix) LibreSSL/2.8.3 PHP/7.3.29-to-be-removed-in-future-macOS mod_perl/2.0.9 Perl/v5.30.2'
    'SERVER_NAME' => 'rest.dev.yii2'
    'SERVER_ADDR' => '127.0.0.1'
    'SERVER_PORT' => '443'
    'REMOTE_ADDR' => '127.0.0.1'
    'DOCUMENT_ROOT' => '/Users/thrubus/Sites/dev/rest'
    'REQUEST_SCHEME' => 'https'
    'CONTEXT_PREFIX' => ''
    'CONTEXT_DOCUMENT_ROOT' => '/Users/thrubus/Sites/dev/rest'
    'SERVER_ADMIN' => 'you@example.com'
    'SCRIPT_FILENAME' => '/Users/thrubus/Sites/dev/rest/web/index.php'
    'REMOTE_PORT' => '59067'
    'REDIRECT_URL' => '/web/test/error500'
    'GATEWAY_INTERFACE' => 'CGI/1.1'
    'SERVER_PROTOCOL' => 'HTTP/1.1'
    'REQUEST_METHOD' => 'GET'
    'QUERY_STRING' => ''
    'REQUEST_URI' => '/test/error500'
    'SCRIPT_NAME' => '/web/index.php'
    'PHP_SELF' => '/web/index.php'
    'REQUEST_TIME_FLOAT' => 1668642652.4899
    'REQUEST_TIME' => 1668642652
]
2022-11-16 23:51:25 [127.0.0.1][-][-][error][yii\web\HttpException:502] yii\web\HttpException: Error Processing Request in /Users/thrubus/Sites/dev/rest/controllers/TestController.php:29
Stack trace:
#0 [internal function]: app\controllers\TestController->actionError500()
#1 /Users/thrubus/Sites/dev/rest/vendor/yiisoft/yii2/base/InlineAction.php(57): call_user_func_array(Array, Array)
#2 /Users/thrubus/Sites/dev/rest/vendor/yiisoft/yii2/base/Controller.php(178): yii\base\InlineAction->runWithParams(Array)
#3 /Users/thrubus/Sites/dev/rest/vendor/yiisoft/yii2/base/Module.php(552): yii\base\Controller->runAction('error500', Array)
#4 /Users/thrubus/Sites/dev/rest/vendor/yiisoft/yii2/web/Application.php(103): yii\base\Module->runAction('test/error500', Array)
#5 /Users/thrubus/Sites/dev/rest/vendor/yiisoft/yii2/base/Application.php(384): yii\web\Application->handleRequest(Object(yii\web\Request))
#6 /Users/thrubus/Sites/dev/rest/web/index.php(12): yii\base\Application->run()
#7 {main}
2022-11-16 23:51:25 [127.0.0.1][-][-][info][application] $_GET = []

$_POST = []

$_FILES = []

$_COOKIE = []

$_SERVER = [
    'REDIRECT_REDIRECT_HTTPS' => 'on'
    'REDIRECT_REDIRECT_SSL_TLS_SNI' => 'rest.dev.yii2'
    'REDIRECT_REDIRECT_STATUS' => '200'
    'REDIRECT_HTTPS' => 'on'
    'REDIRECT_SSL_TLS_SNI' => 'rest.dev.yii2'
    'REDIRECT_STATUS' => '200'
    'HTTPS' => 'on'
    'SSL_TLS_SNI' => 'rest.dev.yii2'
    'HTTP_HOST' => 'rest.dev.yii2'
    'HTTP_USER_AGENT' => 'Mozilla/5.0 (Macintosh; Intel Mac OS X 10.15; rv:106.0) Gecko/20100101 Firefox/106.0'
    'HTTP_ACCEPT' => 'text/html,application/xhtml+xml,application/xml;q=0.9,image/avif,image/webp,*/*;q=0.8'
    'HTTP_ACCEPT_LANGUAGE' => 'id,en-US;q=0.7,en;q=0.3'
    'HTTP_ACCEPT_ENCODING' => 'gzip, deflate, br'
    'HTTP_CONNECTION' => 'keep-alive'
    'HTTP_UPGRADE_INSECURE_REQUESTS' => '1'
    'HTTP_SEC_FETCH_DEST' => 'document'
    'HTTP_SEC_FETCH_MODE' => 'navigate'
    'HTTP_SEC_FETCH_SITE' => 'none'
    'HTTP_SEC_FETCH_USER' => '?1'
    'PATH' => '/usr/bin:/bin:/usr/sbin:/sbin'
    'SERVER_SIGNATURE' => ''
    'SERVER_SOFTWARE' => 'Apache/2.4.48 (Unix) LibreSSL/2.8.3 PHP/7.3.29-to-be-removed-in-future-macOS mod_perl/2.0.9 Perl/v5.30.2'
    'SERVER_NAME' => 'rest.dev.yii2'
    'SERVER_ADDR' => '127.0.0.1'
    'SERVER_PORT' => '443'
    'REMOTE_ADDR' => '127.0.0.1'
    'DOCUMENT_ROOT' => '/Users/thrubus/Sites/dev/rest'
    'REQUEST_SCHEME' => 'https'
    'CONTEXT_PREFIX' => ''
    'CONTEXT_DOCUMENT_ROOT' => '/Users/thrubus/Sites/dev/rest'
    'SERVER_ADMIN' => 'you@example.com'
    'SCRIPT_FILENAME' => '/Users/thrubus/Sites/dev/rest/web/index.php'
    'REMOTE_PORT' => '59072'
    'REDIRECT_URL' => '/web/test/error500'
    'GATEWAY_INTERFACE' => 'CGI/1.1'
    'SERVER_PROTOCOL' => 'HTTP/1.1'
    'REQUEST_METHOD' => 'GET'
    'QUERY_STRING' => ''
    'REQUEST_URI' => '/test/error500'
    'SCRIPT_NAME' => '/web/index.php'
    'PHP_SELF' => '/web/index.php'
    'REQUEST_TIME_FLOAT' => 1668642685.7349
    'REQUEST_TIME' => 1668642685
]
2022-11-16 23:51:27 [127.0.0.1][-][-][error][yii\web\HttpException:502] yii\web\HttpException: Error Processing Request in /Users/thrubus/Sites/dev/rest/controllers/TestController.php:29
Stack trace:
#0 [internal function]: app\controllers\TestController->actionError500()
#1 /Users/thrubus/Sites/dev/rest/vendor/yiisoft/yii2/base/InlineAction.php(57): call_user_func_array(Array, Array)
#2 /Users/thrubus/Sites/dev/rest/vendor/yiisoft/yii2/base/Controller.php(178): yii\base\InlineAction->runWithParams(Array)
#3 /Users/thrubus/Sites/dev/rest/vendor/yiisoft/yii2/base/Module.php(552): yii\base\Controller->runAction('error500', Array)
#4 /Users/thrubus/Sites/dev/rest/vendor/yiisoft/yii2/web/Application.php(103): yii\base\Module->runAction('test/error500', Array)
#5 /Users/thrubus/Sites/dev/rest/vendor/yiisoft/yii2/base/Application.php(384): yii\web\Application->handleRequest(Object(yii\web\Request))
#6 /Users/thrubus/Sites/dev/rest/web/index.php(12): yii\base\Application->run()
#7 {main}
2022-11-16 23:51:27 [127.0.0.1][-][-][info][application] $_GET = []

$_POST = []

$_FILES = []

$_COOKIE = []

$_SERVER = [
    'REDIRECT_REDIRECT_HTTPS' => 'on'
    'REDIRECT_REDIRECT_SSL_TLS_SNI' => 'rest.dev.yii2'
    'REDIRECT_REDIRECT_STATUS' => '200'
    'REDIRECT_HTTPS' => 'on'
    'REDIRECT_SSL_TLS_SNI' => 'rest.dev.yii2'
    'REDIRECT_STATUS' => '200'
    'HTTPS' => 'on'
    'SSL_TLS_SNI' => 'rest.dev.yii2'
    'HTTP_HOST' => 'rest.dev.yii2'
    'HTTP_USER_AGENT' => 'Mozilla/5.0 (Macintosh; Intel Mac OS X 10.15; rv:106.0) Gecko/20100101 Firefox/106.0'
    'HTTP_ACCEPT' => 'text/html,application/xhtml+xml,application/xml;q=0.9,image/avif,image/webp,*/*;q=0.8'
    'HTTP_ACCEPT_LANGUAGE' => 'id,en-US;q=0.7,en;q=0.3'
    'HTTP_ACCEPT_ENCODING' => 'gzip, deflate, br'
    'HTTP_CONNECTION' => 'keep-alive'
    'HTTP_UPGRADE_INSECURE_REQUESTS' => '1'
    'HTTP_SEC_FETCH_DEST' => 'document'
    'HTTP_SEC_FETCH_MODE' => 'navigate'
    'HTTP_SEC_FETCH_SITE' => 'none'
    'HTTP_SEC_FETCH_USER' => '?1'
    'PATH' => '/usr/bin:/bin:/usr/sbin:/sbin'
    'SERVER_SIGNATURE' => ''
    'SERVER_SOFTWARE' => 'Apache/2.4.48 (Unix) LibreSSL/2.8.3 PHP/7.3.29-to-be-removed-in-future-macOS mod_perl/2.0.9 Perl/v5.30.2'
    'SERVER_NAME' => 'rest.dev.yii2'
    'SERVER_ADDR' => '127.0.0.1'
    'SERVER_PORT' => '443'
    'REMOTE_ADDR' => '127.0.0.1'
    'DOCUMENT_ROOT' => '/Users/thrubus/Sites/dev/rest'
    'REQUEST_SCHEME' => 'https'
    'CONTEXT_PREFIX' => ''
    'CONTEXT_DOCUMENT_ROOT' => '/Users/thrubus/Sites/dev/rest'
    'SERVER_ADMIN' => 'you@example.com'
    'SCRIPT_FILENAME' => '/Users/thrubus/Sites/dev/rest/web/index.php'
    'REMOTE_PORT' => '59072'
    'REDIRECT_URL' => '/web/test/error500'
    'GATEWAY_INTERFACE' => 'CGI/1.1'
    'SERVER_PROTOCOL' => 'HTTP/1.1'
    'REQUEST_METHOD' => 'GET'
    'QUERY_STRING' => ''
    'REQUEST_URI' => '/test/error500'
    'SCRIPT_NAME' => '/web/index.php'
    'PHP_SELF' => '/web/index.php'
    'REQUEST_TIME_FLOAT' => 1668642687.3239
    'REQUEST_TIME' => 1668642687
]
2022-11-16 23:52:09 [127.0.0.1][-][-][error][yii\web\HttpException:402] yii\web\HttpException: Error Processing Request in /Users/thrubus/Sites/dev/rest/controllers/TestController.php:29
Stack trace:
#0 [internal function]: app\controllers\TestController->actionError500()
#1 /Users/thrubus/Sites/dev/rest/vendor/yiisoft/yii2/base/InlineAction.php(57): call_user_func_array(Array, Array)
#2 /Users/thrubus/Sites/dev/rest/vendor/yiisoft/yii2/base/Controller.php(178): yii\base\InlineAction->runWithParams(Array)
#3 /Users/thrubus/Sites/dev/rest/vendor/yiisoft/yii2/base/Module.php(552): yii\base\Controller->runAction('error500', Array)
#4 /Users/thrubus/Sites/dev/rest/vendor/yiisoft/yii2/web/Application.php(103): yii\base\Module->runAction('test/error500', Array)
#5 /Users/thrubus/Sites/dev/rest/vendor/yiisoft/yii2/base/Application.php(384): yii\web\Application->handleRequest(Object(yii\web\Request))
#6 /Users/thrubus/Sites/dev/rest/web/index.php(12): yii\base\Application->run()
#7 {main}
2022-11-16 23:52:09 [127.0.0.1][-][-][info][application] $_GET = []

$_POST = []

$_FILES = []

$_COOKIE = []

$_SERVER = [
    'REDIRECT_REDIRECT_HTTPS' => 'on'
    'REDIRECT_REDIRECT_SSL_TLS_SNI' => 'rest.dev.yii2'
    'REDIRECT_REDIRECT_STATUS' => '200'
    'REDIRECT_HTTPS' => 'on'
    'REDIRECT_SSL_TLS_SNI' => 'rest.dev.yii2'
    'REDIRECT_STATUS' => '200'
    'HTTPS' => 'on'
    'SSL_TLS_SNI' => 'rest.dev.yii2'
    'HTTP_HOST' => 'rest.dev.yii2'
    'HTTP_USER_AGENT' => 'Mozilla/5.0 (Macintosh; Intel Mac OS X 10.15; rv:106.0) Gecko/20100101 Firefox/106.0'
    'HTTP_ACCEPT' => 'text/html,application/xhtml+xml,application/xml;q=0.9,image/avif,image/webp,*/*;q=0.8'
    'HTTP_ACCEPT_LANGUAGE' => 'id,en-US;q=0.7,en;q=0.3'
    'HTTP_ACCEPT_ENCODING' => 'gzip, deflate, br'
    'HTTP_CONNECTION' => 'keep-alive'
    'HTTP_UPGRADE_INSECURE_REQUESTS' => '1'
    'HTTP_SEC_FETCH_DEST' => 'document'
    'HTTP_SEC_FETCH_MODE' => 'navigate'
    'HTTP_SEC_FETCH_SITE' => 'none'
    'HTTP_SEC_FETCH_USER' => '?1'
    'PATH' => '/usr/bin:/bin:/usr/sbin:/sbin'
    'SERVER_SIGNATURE' => ''
    'SERVER_SOFTWARE' => 'Apache/2.4.48 (Unix) LibreSSL/2.8.3 PHP/7.3.29-to-be-removed-in-future-macOS mod_perl/2.0.9 Perl/v5.30.2'
    'SERVER_NAME' => 'rest.dev.yii2'
    'SERVER_ADDR' => '127.0.0.1'
    'SERVER_PORT' => '443'
    'REMOTE_ADDR' => '127.0.0.1'
    'DOCUMENT_ROOT' => '/Users/thrubus/Sites/dev/rest'
    'REQUEST_SCHEME' => 'https'
    'CONTEXT_PREFIX' => ''
    'CONTEXT_DOCUMENT_ROOT' => '/Users/thrubus/Sites/dev/rest'
    'SERVER_ADMIN' => 'you@example.com'
    'SCRIPT_FILENAME' => '/Users/thrubus/Sites/dev/rest/web/index.php'
    'REMOTE_PORT' => '59078'
    'REDIRECT_URL' => '/web/test/error500'
    'GATEWAY_INTERFACE' => 'CGI/1.1'
    'SERVER_PROTOCOL' => 'HTTP/1.1'
    'REQUEST_METHOD' => 'GET'
    'QUERY_STRING' => ''
    'REQUEST_URI' => '/test/error500'
    'SCRIPT_NAME' => '/web/index.php'
    'PHP_SELF' => '/web/index.php'
    'REQUEST_TIME_FLOAT' => 1668642729.5309
    'REQUEST_TIME' => 1668642729
]
2022-11-16 23:55:35 [127.0.0.1][-][-][error][yii\web\HttpException:402] yii\web\HttpException: Error Processing Request in /Users/thrubus/Sites/dev/rest/controllers/TestController.php:29
Stack trace:
#0 [internal function]: app\controllers\TestController->actionError500()
#1 /Users/thrubus/Sites/dev/rest/vendor/yiisoft/yii2/base/InlineAction.php(57): call_user_func_array(Array, Array)
#2 /Users/thrubus/Sites/dev/rest/vendor/yiisoft/yii2/base/Controller.php(178): yii\base\InlineAction->runWithParams(Array)
#3 /Users/thrubus/Sites/dev/rest/vendor/yiisoft/yii2/base/Module.php(552): yii\base\Controller->runAction('error500', Array)
#4 /Users/thrubus/Sites/dev/rest/vendor/yiisoft/yii2/web/Application.php(103): yii\base\Module->runAction('test/error500', Array)
#5 /Users/thrubus/Sites/dev/rest/vendor/yiisoft/yii2/base/Application.php(384): yii\web\Application->handleRequest(Object(yii\web\Request))
#6 /Users/thrubus/Sites/dev/rest/web/index.php(12): yii\base\Application->run()
#7 {main}
2022-11-16 23:55:35 [127.0.0.1][-][-][info][application] $_GET = []

$_POST = []

$_FILES = []

$_COOKIE = []

$_SERVER = [
    'REDIRECT_REDIRECT_HTTPS' => 'on'
    'REDIRECT_REDIRECT_SSL_TLS_SNI' => 'rest.dev.yii2'
    'REDIRECT_REDIRECT_STATUS' => '200'
    'REDIRECT_HTTPS' => 'on'
    'REDIRECT_SSL_TLS_SNI' => 'rest.dev.yii2'
    'REDIRECT_STATUS' => '200'
    'HTTPS' => 'on'
    'SSL_TLS_SNI' => 'rest.dev.yii2'
    'HTTP_HOST' => 'rest.dev.yii2'
    'HTTP_USER_AGENT' => 'Mozilla/5.0 (Macintosh; Intel Mac OS X 10.15; rv:106.0) Gecko/20100101 Firefox/106.0'
    'HTTP_ACCEPT' => 'text/html,application/xhtml+xml,application/xml;q=0.9,image/avif,image/webp,*/*;q=0.8'
    'HTTP_ACCEPT_LANGUAGE' => 'id,en-US;q=0.7,en;q=0.3'
    'HTTP_ACCEPT_ENCODING' => 'gzip, deflate, br'
    'HTTP_CONNECTION' => 'keep-alive'
    'HTTP_UPGRADE_INSECURE_REQUESTS' => '1'
    'HTTP_SEC_FETCH_DEST' => 'document'
    'HTTP_SEC_FETCH_MODE' => 'navigate'
    'HTTP_SEC_FETCH_SITE' => 'none'
    'HTTP_SEC_FETCH_USER' => '?1'
    'PATH' => '/usr/bin:/bin:/usr/sbin:/sbin'
    'SERVER_SIGNATURE' => ''
    'SERVER_SOFTWARE' => 'Apache/2.4.48 (Unix) LibreSSL/2.8.3 PHP/7.3.29-to-be-removed-in-future-macOS mod_perl/2.0.9 Perl/v5.30.2'
    'SERVER_NAME' => 'rest.dev.yii2'
    'SERVER_ADDR' => '127.0.0.1'
    'SERVER_PORT' => '443'
    'REMOTE_ADDR' => '127.0.0.1'
    'DOCUMENT_ROOT' => '/Users/thrubus/Sites/dev/rest'
    'REQUEST_SCHEME' => 'https'
    'CONTEXT_PREFIX' => ''
    'CONTEXT_DOCUMENT_ROOT' => '/Users/thrubus/Sites/dev/rest'
    'SERVER_ADMIN' => 'you@example.com'
    'SCRIPT_FILENAME' => '/Users/thrubus/Sites/dev/rest/web/index.php'
    'REMOTE_PORT' => '59103'
    'REDIRECT_URL' => '/web/test/error500'
    'GATEWAY_INTERFACE' => 'CGI/1.1'
    'SERVER_PROTOCOL' => 'HTTP/1.1'
    'REQUEST_METHOD' => 'GET'
    'QUERY_STRING' => ''
    'REQUEST_URI' => '/test/error500'
    'SCRIPT_NAME' => '/web/index.php'
    'PHP_SELF' => '/web/index.php'
    'REQUEST_TIME_FLOAT' => 1668642935.0795
    'REQUEST_TIME' => 1668642935
]
2022-11-16 23:56:49 [127.0.0.1][-][-][error][yii\web\HttpException:402] yii\web\HttpException: Error Processing Request in /Users/thrubus/Sites/dev/rest/controllers/TestController.php:29
Stack trace:
#0 [internal function]: app\controllers\TestController->actionError500()
#1 /Users/thrubus/Sites/dev/rest/vendor/yiisoft/yii2/base/InlineAction.php(57): call_user_func_array(Array, Array)
#2 /Users/thrubus/Sites/dev/rest/vendor/yiisoft/yii2/base/Controller.php(178): yii\base\InlineAction->runWithParams(Array)
#3 /Users/thrubus/Sites/dev/rest/vendor/yiisoft/yii2/base/Module.php(552): yii\base\Controller->runAction('error500', Array)
#4 /Users/thrubus/Sites/dev/rest/vendor/yiisoft/yii2/web/Application.php(103): yii\base\Module->runAction('test/error500', Array)
#5 /Users/thrubus/Sites/dev/rest/vendor/yiisoft/yii2/base/Application.php(384): yii\web\Application->handleRequest(Object(yii\web\Request))
#6 /Users/thrubus/Sites/dev/rest/web/index.php(12): yii\base\Application->run()
#7 {main}
2022-11-16 23:56:49 [127.0.0.1][-][-][info][application] $_GET = []

$_POST = []

$_FILES = []

$_COOKIE = []

$_SERVER = [
    'REDIRECT_REDIRECT_HTTPS' => 'on'
    'REDIRECT_REDIRECT_SSL_TLS_SNI' => 'rest.dev.yii2'
    'REDIRECT_REDIRECT_STATUS' => '200'
    'REDIRECT_HTTPS' => 'on'
    'REDIRECT_SSL_TLS_SNI' => 'rest.dev.yii2'
    'REDIRECT_STATUS' => '200'
    'HTTPS' => 'on'
    'SSL_TLS_SNI' => 'rest.dev.yii2'
    'HTTP_HOST' => 'rest.dev.yii2'
    'HTTP_USER_AGENT' => 'Mozilla/5.0 (Macintosh; Intel Mac OS X 10.15; rv:106.0) Gecko/20100101 Firefox/106.0'
    'HTTP_ACCEPT' => 'text/html,application/xhtml+xml,application/xml;q=0.9,image/avif,image/webp,*/*;q=0.8'
    'HTTP_ACCEPT_LANGUAGE' => 'id,en-US;q=0.7,en;q=0.3'
    'HTTP_ACCEPT_ENCODING' => 'gzip, deflate, br'
    'HTTP_CONNECTION' => 'keep-alive'
    'HTTP_UPGRADE_INSECURE_REQUESTS' => '1'
    'HTTP_SEC_FETCH_DEST' => 'document'
    'HTTP_SEC_FETCH_MODE' => 'navigate'
    'HTTP_SEC_FETCH_SITE' => 'none'
    'HTTP_SEC_FETCH_USER' => '?1'
    'PATH' => '/usr/bin:/bin:/usr/sbin:/sbin'
    'SERVER_SIGNATURE' => ''
    'SERVER_SOFTWARE' => 'Apache/2.4.48 (Unix) LibreSSL/2.8.3 PHP/7.3.29-to-be-removed-in-future-macOS mod_perl/2.0.9 Perl/v5.30.2'
    'SERVER_NAME' => 'rest.dev.yii2'
    'SERVER_ADDR' => '127.0.0.1'
    'SERVER_PORT' => '443'
    'REMOTE_ADDR' => '127.0.0.1'
    'DOCUMENT_ROOT' => '/Users/thrubus/Sites/dev/rest'
    'REQUEST_SCHEME' => 'https'
    'CONTEXT_PREFIX' => ''
    'CONTEXT_DOCUMENT_ROOT' => '/Users/thrubus/Sites/dev/rest'
    'SERVER_ADMIN' => 'you@example.com'
    'SCRIPT_FILENAME' => '/Users/thrubus/Sites/dev/rest/web/index.php'
    'REMOTE_PORT' => '59114'
    'REDIRECT_URL' => '/web/test/error500'
    'GATEWAY_INTERFACE' => 'CGI/1.1'
    'SERVER_PROTOCOL' => 'HTTP/1.1'
    'REQUEST_METHOD' => 'GET'
    'QUERY_STRING' => ''
    'REQUEST_URI' => '/test/error500'
    'SCRIPT_NAME' => '/web/index.php'
    'PHP_SELF' => '/web/index.php'
    'REQUEST_TIME_FLOAT' => 1668643009.5039
    'REQUEST_TIME' => 1668643009
]
2022-11-16 23:56:51 [127.0.0.1][-][-][error][yii\web\HttpException:402] yii\web\HttpException: Error Processing Request in /Users/thrubus/Sites/dev/rest/controllers/TestController.php:29
Stack trace:
#0 [internal function]: app\controllers\TestController->actionError500()
#1 /Users/thrubus/Sites/dev/rest/vendor/yiisoft/yii2/base/InlineAction.php(57): call_user_func_array(Array, Array)
#2 /Users/thrubus/Sites/dev/rest/vendor/yiisoft/yii2/base/Controller.php(178): yii\base\InlineAction->runWithParams(Array)
#3 /Users/thrubus/Sites/dev/rest/vendor/yiisoft/yii2/base/Module.php(552): yii\base\Controller->runAction('error500', Array)
#4 /Users/thrubus/Sites/dev/rest/vendor/yiisoft/yii2/web/Application.php(103): yii\base\Module->runAction('test/error500', Array)
#5 /Users/thrubus/Sites/dev/rest/vendor/yiisoft/yii2/base/Application.php(384): yii\web\Application->handleRequest(Object(yii\web\Request))
#6 /Users/thrubus/Sites/dev/rest/web/index.php(12): yii\base\Application->run()
#7 {main}
2022-11-16 23:56:51 [127.0.0.1][-][-][info][application] $_GET = []

$_POST = []

$_FILES = []

$_COOKIE = []

$_SERVER = [
    'REDIRECT_REDIRECT_HTTPS' => 'on'
    'REDIRECT_REDIRECT_SSL_TLS_SNI' => 'rest.dev.yii2'
    'REDIRECT_REDIRECT_STATUS' => '200'
    'REDIRECT_HTTPS' => 'on'
    'REDIRECT_SSL_TLS_SNI' => 'rest.dev.yii2'
    'REDIRECT_STATUS' => '200'
    'HTTPS' => 'on'
    'SSL_TLS_SNI' => 'rest.dev.yii2'
    'HTTP_HOST' => 'rest.dev.yii2'
    'HTTP_USER_AGENT' => 'Mozilla/5.0 (Macintosh; Intel Mac OS X 10.15; rv:106.0) Gecko/20100101 Firefox/106.0'
    'HTTP_ACCEPT' => 'text/html,application/xhtml+xml,application/xml;q=0.9,image/avif,image/webp,*/*;q=0.8'
    'HTTP_ACCEPT_LANGUAGE' => 'id,en-US;q=0.7,en;q=0.3'
    'HTTP_ACCEPT_ENCODING' => 'gzip, deflate, br'
    'HTTP_CONNECTION' => 'keep-alive'
    'HTTP_UPGRADE_INSECURE_REQUESTS' => '1'
    'HTTP_SEC_FETCH_DEST' => 'document'
    'HTTP_SEC_FETCH_MODE' => 'navigate'
    'HTTP_SEC_FETCH_SITE' => 'none'
    'HTTP_SEC_FETCH_USER' => '?1'
    'PATH' => '/usr/bin:/bin:/usr/sbin:/sbin'
    'SERVER_SIGNATURE' => ''
    'SERVER_SOFTWARE' => 'Apache/2.4.48 (Unix) LibreSSL/2.8.3 PHP/7.3.29-to-be-removed-in-future-macOS mod_perl/2.0.9 Perl/v5.30.2'
    'SERVER_NAME' => 'rest.dev.yii2'
    'SERVER_ADDR' => '127.0.0.1'
    'SERVER_PORT' => '443'
    'REMOTE_ADDR' => '127.0.0.1'
    'DOCUMENT_ROOT' => '/Users/thrubus/Sites/dev/rest'
    'REQUEST_SCHEME' => 'https'
    'CONTEXT_PREFIX' => ''
    'CONTEXT_DOCUMENT_ROOT' => '/Users/thrubus/Sites/dev/rest'
    'SERVER_ADMIN' => 'you@example.com'
    'SCRIPT_FILENAME' => '/Users/thrubus/Sites/dev/rest/web/index.php'
    'REMOTE_PORT' => '59114'
    'REDIRECT_URL' => '/web/test/error500'
    'GATEWAY_INTERFACE' => 'CGI/1.1'
    'SERVER_PROTOCOL' => 'HTTP/1.1'
    'REQUEST_METHOD' => 'GET'
    'QUERY_STRING' => ''
    'REQUEST_URI' => '/test/error500'
    'SCRIPT_NAME' => '/web/index.php'
    'PHP_SELF' => '/web/index.php'
    'REQUEST_TIME_FLOAT' => 1668643011.2734
    'REQUEST_TIME' => 1668643011
]
2022-11-16 23:57:21 [127.0.0.1][-][-][error][yii\web\HttpException:402] yii\web\HttpException: Error Processing Request in /Users/thrubus/Sites/dev/rest/controllers/TestController.php:29
Stack trace:
#0 [internal function]: app\controllers\TestController->actionError500()
#1 /Users/thrubus/Sites/dev/rest/vendor/yiisoft/yii2/base/InlineAction.php(57): call_user_func_array(Array, Array)
#2 /Users/thrubus/Sites/dev/rest/vendor/yiisoft/yii2/base/Controller.php(178): yii\base\InlineAction->runWithParams(Array)
#3 /Users/thrubus/Sites/dev/rest/vendor/yiisoft/yii2/base/Module.php(552): yii\base\Controller->runAction('error500', Array)
#4 /Users/thrubus/Sites/dev/rest/vendor/yiisoft/yii2/web/Application.php(103): yii\base\Module->runAction('test/error500', Array)
#5 /Users/thrubus/Sites/dev/rest/vendor/yiisoft/yii2/base/Application.php(384): yii\web\Application->handleRequest(Object(yii\web\Request))
#6 /Users/thrubus/Sites/dev/rest/web/index.php(12): yii\base\Application->run()
#7 {main}
2022-11-16 23:57:21 [127.0.0.1][-][-][info][application] $_GET = []

$_POST = []

$_FILES = []

$_COOKIE = []

$_SERVER = [
    'REDIRECT_REDIRECT_HTTPS' => 'on'
    'REDIRECT_REDIRECT_SSL_TLS_SNI' => 'rest.dev.yii2'
    'REDIRECT_REDIRECT_STATUS' => '200'
    'REDIRECT_HTTPS' => 'on'
    'REDIRECT_SSL_TLS_SNI' => 'rest.dev.yii2'
    'REDIRECT_STATUS' => '200'
    'HTTPS' => 'on'
    'SSL_TLS_SNI' => 'rest.dev.yii2'
    'HTTP_HOST' => 'rest.dev.yii2'
    'HTTP_USER_AGENT' => 'Mozilla/5.0 (Macintosh; Intel Mac OS X 10.15; rv:106.0) Gecko/20100101 Firefox/106.0'
    'HTTP_ACCEPT' => 'text/html,application/xhtml+xml,application/xml;q=0.9,image/avif,image/webp,*/*;q=0.8'
    'HTTP_ACCEPT_LANGUAGE' => 'id,en-US;q=0.7,en;q=0.3'
    'HTTP_ACCEPT_ENCODING' => 'gzip, deflate, br'
    'HTTP_CONNECTION' => 'keep-alive'
    'HTTP_UPGRADE_INSECURE_REQUESTS' => '1'
    'HTTP_SEC_FETCH_DEST' => 'document'
    'HTTP_SEC_FETCH_MODE' => 'navigate'
    'HTTP_SEC_FETCH_SITE' => 'none'
    'HTTP_SEC_FETCH_USER' => '?1'
    'PATH' => '/usr/bin:/bin:/usr/sbin:/sbin'
    'SERVER_SIGNATURE' => ''
    'SERVER_SOFTWARE' => 'Apache/2.4.48 (Unix) LibreSSL/2.8.3 PHP/7.3.29-to-be-removed-in-future-macOS mod_perl/2.0.9 Perl/v5.30.2'
    'SERVER_NAME' => 'rest.dev.yii2'
    'SERVER_ADDR' => '127.0.0.1'
    'SERVER_PORT' => '443'
    'REMOTE_ADDR' => '127.0.0.1'
    'DOCUMENT_ROOT' => '/Users/thrubus/Sites/dev/rest'
    'REQUEST_SCHEME' => 'https'
    'CONTEXT_PREFIX' => ''
    'CONTEXT_DOCUMENT_ROOT' => '/Users/thrubus/Sites/dev/rest'
    'SERVER_ADMIN' => 'you@example.com'
    'SCRIPT_FILENAME' => '/Users/thrubus/Sites/dev/rest/web/index.php'
    'REMOTE_PORT' => '59119'
    'REDIRECT_URL' => '/web/test/error500'
    'GATEWAY_INTERFACE' => 'CGI/1.1'
    'SERVER_PROTOCOL' => 'HTTP/1.1'
    'REQUEST_METHOD' => 'GET'
    'QUERY_STRING' => ''
    'REQUEST_URI' => '/test/error500'
    'SCRIPT_NAME' => '/web/index.php'
    'PHP_SELF' => '/web/index.php'
    'REQUEST_TIME_FLOAT' => 1668643041.7583
    'REQUEST_TIME' => 1668643041
]
2022-11-16 23:57:22 [127.0.0.1][-][-][error][yii\web\HttpException:402] yii\web\HttpException: Error Processing Request in /Users/thrubus/Sites/dev/rest/controllers/TestController.php:29
Stack trace:
#0 [internal function]: app\controllers\TestController->actionError500()
#1 /Users/thrubus/Sites/dev/rest/vendor/yiisoft/yii2/base/InlineAction.php(57): call_user_func_array(Array, Array)
#2 /Users/thrubus/Sites/dev/rest/vendor/yiisoft/yii2/base/Controller.php(178): yii\base\InlineAction->runWithParams(Array)
#3 /Users/thrubus/Sites/dev/rest/vendor/yiisoft/yii2/base/Module.php(552): yii\base\Controller->runAction('error500', Array)
#4 /Users/thrubus/Sites/dev/rest/vendor/yiisoft/yii2/web/Application.php(103): yii\base\Module->runAction('test/error500', Array)
#5 /Users/thrubus/Sites/dev/rest/vendor/yiisoft/yii2/base/Application.php(384): yii\web\Application->handleRequest(Object(yii\web\Request))
#6 /Users/thrubus/Sites/dev/rest/web/index.php(12): yii\base\Application->run()
#7 {main}
2022-11-16 23:57:22 [127.0.0.1][-][-][info][application] $_GET = []

$_POST = []

$_FILES = []

$_COOKIE = []

$_SERVER = [
    'REDIRECT_REDIRECT_HTTPS' => 'on'
    'REDIRECT_REDIRECT_SSL_TLS_SNI' => 'rest.dev.yii2'
    'REDIRECT_REDIRECT_STATUS' => '200'
    'REDIRECT_HTTPS' => 'on'
    'REDIRECT_SSL_TLS_SNI' => 'rest.dev.yii2'
    'REDIRECT_STATUS' => '200'
    'HTTPS' => 'on'
    'SSL_TLS_SNI' => 'rest.dev.yii2'
    'HTTP_HOST' => 'rest.dev.yii2'
    'HTTP_USER_AGENT' => 'Mozilla/5.0 (Macintosh; Intel Mac OS X 10.15; rv:106.0) Gecko/20100101 Firefox/106.0'
    'HTTP_ACCEPT' => 'text/html,application/xhtml+xml,application/xml;q=0.9,image/avif,image/webp,*/*;q=0.8'
    'HTTP_ACCEPT_LANGUAGE' => 'id,en-US;q=0.7,en;q=0.3'
    'HTTP_ACCEPT_ENCODING' => 'gzip, deflate, br'
    'HTTP_CONNECTION' => 'keep-alive'
    'HTTP_UPGRADE_INSECURE_REQUESTS' => '1'
    'HTTP_SEC_FETCH_DEST' => 'document'
    'HTTP_SEC_FETCH_MODE' => 'navigate'
    'HTTP_SEC_FETCH_SITE' => 'none'
    'HTTP_SEC_FETCH_USER' => '?1'
    'PATH' => '/usr/bin:/bin:/usr/sbin:/sbin'
    'SERVER_SIGNATURE' => ''
    'SERVER_SOFTWARE' => 'Apache/2.4.48 (Unix) LibreSSL/2.8.3 PHP/7.3.29-to-be-removed-in-future-macOS mod_perl/2.0.9 Perl/v5.30.2'
    'SERVER_NAME' => 'rest.dev.yii2'
    'SERVER_ADDR' => '127.0.0.1'
    'SERVER_PORT' => '443'
    'REMOTE_ADDR' => '127.0.0.1'
    'DOCUMENT_ROOT' => '/Users/thrubus/Sites/dev/rest'
    'REQUEST_SCHEME' => 'https'
    'CONTEXT_PREFIX' => ''
    'CONTEXT_DOCUMENT_ROOT' => '/Users/thrubus/Sites/dev/rest'
    'SERVER_ADMIN' => 'you@example.com'
    'SCRIPT_FILENAME' => '/Users/thrubus/Sites/dev/rest/web/index.php'
    'REMOTE_PORT' => '59119'
    'REDIRECT_URL' => '/web/test/error500'
    'GATEWAY_INTERFACE' => 'CGI/1.1'
    'SERVER_PROTOCOL' => 'HTTP/1.1'
    'REQUEST_METHOD' => 'GET'
    'QUERY_STRING' => ''
    'REQUEST_URI' => '/test/error500'
    'SCRIPT_NAME' => '/web/index.php'
    'PHP_SELF' => '/web/index.php'
    'REQUEST_TIME_FLOAT' => 1668643042.5459
    'REQUEST_TIME' => 1668643042
]
2022-11-16 23:57:23 [127.0.0.1][-][-][error][yii\web\HttpException:402] yii\web\HttpException: Error Processing Request in /Users/thrubus/Sites/dev/rest/controllers/TestController.php:29
Stack trace:
#0 [internal function]: app\controllers\TestController->actionError500()
#1 /Users/thrubus/Sites/dev/rest/vendor/yiisoft/yii2/base/InlineAction.php(57): call_user_func_array(Array, Array)
#2 /Users/thrubus/Sites/dev/rest/vendor/yiisoft/yii2/base/Controller.php(178): yii\base\InlineAction->runWithParams(Array)
#3 /Users/thrubus/Sites/dev/rest/vendor/yiisoft/yii2/base/Module.php(552): yii\base\Controller->runAction('error500', Array)
#4 /Users/thrubus/Sites/dev/rest/vendor/yiisoft/yii2/web/Application.php(103): yii\base\Module->runAction('test/error500', Array)
#5 /Users/thrubus/Sites/dev/rest/vendor/yiisoft/yii2/base/Application.php(384): yii\web\Application->handleRequest(Object(yii\web\Request))
#6 /Users/thrubus/Sites/dev/rest/web/index.php(12): yii\base\Application->run()
#7 {main}
2022-11-16 23:57:23 [127.0.0.1][-][-][info][application] $_GET = []

$_POST = []

$_FILES = []

$_COOKIE = []

$_SERVER = [
    'REDIRECT_REDIRECT_HTTPS' => 'on'
    'REDIRECT_REDIRECT_SSL_TLS_SNI' => 'rest.dev.yii2'
    'REDIRECT_REDIRECT_STATUS' => '200'
    'REDIRECT_HTTPS' => 'on'
    'REDIRECT_SSL_TLS_SNI' => 'rest.dev.yii2'
    'REDIRECT_STATUS' => '200'
    'HTTPS' => 'on'
    'SSL_TLS_SNI' => 'rest.dev.yii2'
    'HTTP_HOST' => 'rest.dev.yii2'
    'HTTP_USER_AGENT' => 'Mozilla/5.0 (Macintosh; Intel Mac OS X 10.15; rv:106.0) Gecko/20100101 Firefox/106.0'
    'HTTP_ACCEPT' => 'text/html,application/xhtml+xml,application/xml;q=0.9,image/avif,image/webp,*/*;q=0.8'
    'HTTP_ACCEPT_LANGUAGE' => 'id,en-US;q=0.7,en;q=0.3'
    'HTTP_ACCEPT_ENCODING' => 'gzip, deflate, br'
    'HTTP_CONNECTION' => 'keep-alive'
    'HTTP_UPGRADE_INSECURE_REQUESTS' => '1'
    'HTTP_SEC_FETCH_DEST' => 'document'
    'HTTP_SEC_FETCH_MODE' => 'navigate'
    'HTTP_SEC_FETCH_SITE' => 'none'
    'HTTP_SEC_FETCH_USER' => '?1'
    'PATH' => '/usr/bin:/bin:/usr/sbin:/sbin'
    'SERVER_SIGNATURE' => ''
    'SERVER_SOFTWARE' => 'Apache/2.4.48 (Unix) LibreSSL/2.8.3 PHP/7.3.29-to-be-removed-in-future-macOS mod_perl/2.0.9 Perl/v5.30.2'
    'SERVER_NAME' => 'rest.dev.yii2'
    'SERVER_ADDR' => '127.0.0.1'
    'SERVER_PORT' => '443'
    'REMOTE_ADDR' => '127.0.0.1'
    'DOCUMENT_ROOT' => '/Users/thrubus/Sites/dev/rest'
    'REQUEST_SCHEME' => 'https'
    'CONTEXT_PREFIX' => ''
    'CONTEXT_DOCUMENT_ROOT' => '/Users/thrubus/Sites/dev/rest'
    'SERVER_ADMIN' => 'you@example.com'
    'SCRIPT_FILENAME' => '/Users/thrubus/Sites/dev/rest/web/index.php'
    'REMOTE_PORT' => '59119'
    'REDIRECT_URL' => '/web/test/error500'
    'GATEWAY_INTERFACE' => 'CGI/1.1'
    'SERVER_PROTOCOL' => 'HTTP/1.1'
    'REQUEST_METHOD' => 'GET'
    'QUERY_STRING' => ''
    'REQUEST_URI' => '/test/error500'
    'SCRIPT_NAME' => '/web/index.php'
    'PHP_SELF' => '/web/index.php'
    'REQUEST_TIME_FLOAT' => 1668643043.0781
    'REQUEST_TIME' => 1668643043
]
2022-11-16 23:57:23 [127.0.0.1][-][-][error][yii\web\HttpException:402] yii\web\HttpException: Error Processing Request in /Users/thrubus/Sites/dev/rest/controllers/TestController.php:29
Stack trace:
#0 [internal function]: app\controllers\TestController->actionError500()
#1 /Users/thrubus/Sites/dev/rest/vendor/yiisoft/yii2/base/InlineAction.php(57): call_user_func_array(Array, Array)
#2 /Users/thrubus/Sites/dev/rest/vendor/yiisoft/yii2/base/Controller.php(178): yii\base\InlineAction->runWithParams(Array)
#3 /Users/thrubus/Sites/dev/rest/vendor/yiisoft/yii2/base/Module.php(552): yii\base\Controller->runAction('error500', Array)
#4 /Users/thrubus/Sites/dev/rest/vendor/yiisoft/yii2/web/Application.php(103): yii\base\Module->runAction('test/error500', Array)
#5 /Users/thrubus/Sites/dev/rest/vendor/yiisoft/yii2/base/Application.php(384): yii\web\Application->handleRequest(Object(yii\web\Request))
#6 /Users/thrubus/Sites/dev/rest/web/index.php(12): yii\base\Application->run()
#7 {main}
2022-11-16 23:57:23 [127.0.0.1][-][-][info][application] $_GET = []

$_POST = []

$_FILES = []

$_COOKIE = []

$_SERVER = [
    'REDIRECT_REDIRECT_HTTPS' => 'on'
    'REDIRECT_REDIRECT_SSL_TLS_SNI' => 'rest.dev.yii2'
    'REDIRECT_REDIRECT_STATUS' => '200'
    'REDIRECT_HTTPS' => 'on'
    'REDIRECT_SSL_TLS_SNI' => 'rest.dev.yii2'
    'REDIRECT_STATUS' => '200'
    'HTTPS' => 'on'
    'SSL_TLS_SNI' => 'rest.dev.yii2'
    'HTTP_HOST' => 'rest.dev.yii2'
    'HTTP_USER_AGENT' => 'Mozilla/5.0 (Macintosh; Intel Mac OS X 10.15; rv:106.0) Gecko/20100101 Firefox/106.0'
    'HTTP_ACCEPT' => 'text/html,application/xhtml+xml,application/xml;q=0.9,image/avif,image/webp,*/*;q=0.8'
    'HTTP_ACCEPT_LANGUAGE' => 'id,en-US;q=0.7,en;q=0.3'
    'HTTP_ACCEPT_ENCODING' => 'gzip, deflate, br'
    'HTTP_CONNECTION' => 'keep-alive'
    'HTTP_UPGRADE_INSECURE_REQUESTS' => '1'
    'HTTP_SEC_FETCH_DEST' => 'document'
    'HTTP_SEC_FETCH_MODE' => 'navigate'
    'HTTP_SEC_FETCH_SITE' => 'none'
    'HTTP_SEC_FETCH_USER' => '?1'
    'PATH' => '/usr/bin:/bin:/usr/sbin:/sbin'
    'SERVER_SIGNATURE' => ''
    'SERVER_SOFTWARE' => 'Apache/2.4.48 (Unix) LibreSSL/2.8.3 PHP/7.3.29-to-be-removed-in-future-macOS mod_perl/2.0.9 Perl/v5.30.2'
    'SERVER_NAME' => 'rest.dev.yii2'
    'SERVER_ADDR' => '127.0.0.1'
    'SERVER_PORT' => '443'
    'REMOTE_ADDR' => '127.0.0.1'
    'DOCUMENT_ROOT' => '/Users/thrubus/Sites/dev/rest'
    'REQUEST_SCHEME' => 'https'
    'CONTEXT_PREFIX' => ''
    'CONTEXT_DOCUMENT_ROOT' => '/Users/thrubus/Sites/dev/rest'
    'SERVER_ADMIN' => 'you@example.com'
    'SCRIPT_FILENAME' => '/Users/thrubus/Sites/dev/rest/web/index.php'
    'REMOTE_PORT' => '59119'
    'REDIRECT_URL' => '/web/test/error500'
    'GATEWAY_INTERFACE' => 'CGI/1.1'
    'SERVER_PROTOCOL' => 'HTTP/1.1'
    'REQUEST_METHOD' => 'GET'
    'QUERY_STRING' => ''
    'REQUEST_URI' => '/test/error500'
    'SCRIPT_NAME' => '/web/index.php'
    'PHP_SELF' => '/web/index.php'
    'REQUEST_TIME_FLOAT' => 1668643043.346
    'REQUEST_TIME' => 1668643043
]
